2024-07-18T21:54:13.312+01:00  INFO 4188 --- [digitalisationServiceDeControle] [restartedMain] gitalisationServiceDeControleApplication : Starting DigitalisationServiceDeControleApplication using Java 21 with PID 4188 (C:\Users\pc\IdeaProjects\digitalisationServiceDeControleSpring\target\classes started by pc in C:\Users\pc\IdeaProjects\digitalisationServiceDeControleSpring)
2024-07-18T21:54:13.313+01:00 DEBUG 4188 --- [digitalisationServiceDeControle] [restartedMain] gitalisationServiceDeControleApplication : Running with Spring Boot v3.3.1, Spring v6.1.10
2024-07-18T21:54:13.313+01:00  INFO 4188 --- [digitalisationServiceDeControle] [restartedMain] gitalisationServiceDeControleApplication : No active profile set, falling back to 1 default profile: "default"
2024-07-18T21:54:13.314+01:00 DEBUG 4188 --- [digitalisationServiceDeControle] [restartedMain] o.s.boot.SpringApplication               : Loading source class org.system.digitalisationservicedecontrole.DigitalisationServiceDeControleApplication
2024-07-18T21:54:13.323+01:00 DEBUG 4188 --- [digitalisationServiceDeControle] [restartedMain] ConfigServletWebServerApplicationContext : Refreshing org.springframework.boot.web.servlet.context.AnnotationConfigServletWebServerApplicationContext@4c2c6953
2024-07-18T21:54:13.327+01:00 DEBUG 4188 --- [digitalisationServiceDeControle] [restartedMain] o.s.b.f.s.DefaultListableBeanFactory     : Creating shared instance of singleton bean 'org.springframework.context.annotation.internalConfigurationAnnotationProcessor'
2024-07-18T21:54:13.329+01:00 DEBUG 4188 --- [digitalisationServiceDeControle] [restartedMain] o.s.b.f.s.DefaultListableBeanFactory     : Creating shared instance of singleton bean 'org.springframework.boot.autoconfigure.internalCachingMetadataReaderFactory'
2024-07-18T21:54:13.341+01:00 DEBUG 4188 --- [digitalisationServiceDeControle] [restartedMain] o.s.c.a.ClassPathBeanDefinitionScanner   : Identified candidate component class: file [C:\Users\pc\IdeaProjects\digitalisationServiceDeControleSpring\target\classes\org\system\digitalisationservicedecontrole\configuration\CompositeUserDetailsService.class]
2024-07-18T21:54:13.356+01:00 DEBUG 4188 --- [digitalisationServiceDeControle] [restartedMain] o.s.c.a.ClassPathBeanDefinitionScanner   : Identified candidate component class: file [C:\Users\pc\IdeaProjects\digitalisationServiceDeControleSpring\target\classes\org\system\digitalisationservicedecontrole\configuration\SecurityConfig.class]
2024-07-18T21:54:13.366+01:00 DEBUG 4188 --- [digitalisationServiceDeControle] [restartedMain] o.s.c.a.ClassPathBeanDefinitionScanner   : Identified candidate component class: file [C:\Users\pc\IdeaProjects\digitalisationServiceDeControleSpring\target\classes\org\system\digitalisationservicedecontrole\controllers\ContoleurController.class]
2024-07-18T21:54:13.368+01:00 DEBUG 4188 --- [digitalisationServiceDeControle] [restartedMain] o.s.c.a.ClassPathBeanDefinitionScanner   : Identified candidate component class: file [C:\Users\pc\IdeaProjects\digitalisationServiceDeControleSpring\target\classes\org\system\digitalisationservicedecontrole\controllers\PageController.class]
2024-07-18T21:54:13.371+01:00 DEBUG 4188 --- [digitalisationServiceDeControle] [restartedMain] o.s.c.a.ClassPathBeanDefinitionScanner   : Identified candidate component class: file [C:\Users\pc\IdeaProjects\digitalisationServiceDeControleSpring\target\classes\org\system\digitalisationservicedecontrole\controllers\ResponsableControleurController.class]
2024-07-18T21:54:13.373+01:00 DEBUG 4188 --- [digitalisationServiceDeControle] [restartedMain] o.s.c.a.ClassPathBeanDefinitionScanner   : Identified candidate component class: file [C:\Users\pc\IdeaProjects\digitalisationServiceDeControleSpring\target\classes\org\system\digitalisationservicedecontrole\controllers\ResponsableGeneralController.class]
2024-07-18T21:54:13.389+01:00 DEBUG 4188 --- [digitalisationServiceDeControle] [restartedMain] o.s.c.a.ClassPathBeanDefinitionScanner   : Identified candidate component class: file [C:\Users\pc\IdeaProjects\digitalisationServiceDeControleSpring\target\classes\org\system\digitalisationservicedecontrole\exceptionHnadler\GlobalExceptionHandler.class]
2024-07-18T21:54:13.396+01:00 DEBUG 4188 --- [digitalisationServiceDeControle] [restartedMain] o.s.c.a.ClassPathBeanDefinitionScanner   : Identified candidate component class: file [C:\Users\pc\IdeaProjects\digitalisationServiceDeControleSpring\target\classes\org\system\digitalisationservicedecontrole\services\ControleurService.class]
2024-07-18T21:54:13.397+01:00 DEBUG 4188 --- [digitalisationServiceDeControle] [restartedMain] o.s.c.a.ClassPathBeanDefinitionScanner   : Identified candidate component class: file [C:\Users\pc\IdeaProjects\digitalisationServiceDeControleSpring\target\classes\org\system\digitalisationservicedecontrole\services\ResponsableControleurService.class]
2024-07-18T21:54:13.399+01:00 DEBUG 4188 --- [digitalisationServiceDeControle] [restartedMain] o.s.c.a.ClassPathBeanDefinitionScanner   : Identified candidate component class: file [C:\Users\pc\IdeaProjects\digitalisationServiceDeControleSpring\target\classes\org\system\digitalisationservicedecontrole\services\ResponsableGeneralService.class]
2024-07-18T21:54:13.403+01:00  WARN 4188 --- [digitalisationServiceDeControle] [restartedMain] ConfigServletWebServerApplicationContext : Exception encountered during context initialization - cancelling refresh attempt: org.springframework.beans.factory.BeanDefinitionStoreException: I/O failure while processing configuration class [org.system.digitalisationservicedecontrole.configuration.CompositeUserDetailsService]
2024-07-18T21:54:13.424+01:00 ERROR 4188 --- [digitalisationServiceDeControle] [restartedMain] o.s.boot.SpringApplication               : Application run failed

org.springframework.beans.factory.BeanDefinitionStoreException: I/O failure while processing configuration class [org.system.digitalisationservicedecontrole.configuration.CompositeUserDetailsService]
	at org.springframework.context.annotation.ConfigurationClassParser.processConfigurationClass(ConfigurationClassParser.java:251) ~[spring-context-6.1.10.jar:6.1.10]
	at org.springframework.context.annotation.ConfigurationClassParser.parse(ConfigurationClassParser.java:189) ~[spring-context-6.1.10.jar:6.1.10]
	at org.springframework.context.annotation.ConfigurationClassParser.doProcessConfigurationClass(ConfigurationClassParser.java:314) ~[spring-context-6.1.10.jar:6.1.10]
	at org.springframework.context.annotation.ConfigurationClassParser.processConfigurationClass(ConfigurationClassParser.java:246) ~[spring-context-6.1.10.jar:6.1.10]
	at org.springframework.context.annotation.ConfigurationClassParser.parse(ConfigurationClassParser.java:197) ~[spring-context-6.1.10.jar:6.1.10]
	at org.springframework.context.annotation.ConfigurationClassParser.parse(ConfigurationClassParser.java:165) ~[spring-context-6.1.10.jar:6.1.10]
	at org.springframework.context.annotation.ConfigurationClassPostProcessor.processConfigBeanDefinitions(ConfigurationClassPostProcessor.java:417) ~[spring-context-6.1.10.jar:6.1.10]
	at org.springframework.context.annotation.ConfigurationClassPostProcessor.postProcessBeanDefinitionRegistry(ConfigurationClassPostProcessor.java:290) ~[spring-context-6.1.10.jar:6.1.10]
	at org.springframework.context.support.PostProcessorRegistrationDelegate.invokeBeanDefinitionRegistryPostProcessors(PostProcessorRegistrationDelegate.java:349) ~[spring-context-6.1.10.jar:6.1.10]
	at org.springframework.context.support.PostProcessorRegistrationDelegate.invokeBeanFactoryPostProcessors(PostProcessorRegistrationDelegate.java:118) ~[spring-context-6.1.10.jar:6.1.10]
	at org.springframework.context.support.AbstractApplicationContext.invokeBeanFactoryPostProcessors(AbstractApplicationContext.java:788) ~[spring-context-6.1.10.jar:6.1.10]
	at org.springframework.context.support.AbstractApplicationContext.refresh(AbstractApplicationContext.java:606) ~[spring-context-6.1.10.jar:6.1.10]
	at org.springframework.boot.web.servlet.context.ServletWebServerApplicationContext.refresh(ServletWebServerApplicationContext.java:146) ~[spring-boot-3.3.1.jar:3.3.1]
	at org.springframework.boot.SpringApplication.refresh(SpringApplication.java:754) ~[spring-boot-3.3.1.jar:3.3.1]
	at org.springframework.boot.SpringApplication.refreshContext(SpringApplication.java:456) ~[spring-boot-3.3.1.jar:3.3.1]
	at org.springframework.boot.SpringApplication.run(SpringApplication.java:335) ~[spring-boot-3.3.1.jar:3.3.1]
	at org.springframework.boot.SpringApplication.run(SpringApplication.java:1363) ~[spring-boot-3.3.1.jar:3.3.1]
	at org.springframework.boot.SpringApplication.run(SpringApplication.java:1352) ~[spring-boot-3.3.1.jar:3.3.1]
	at org.system.digitalisationservicedecontrole.DigitalisationServiceDeControleApplication.main(DigitalisationServiceDeControleApplication.java:10) ~[classes/:na]
	at java.base/jdk.internal.reflect.DirectMethodHandleAccessor.invoke(DirectMethodHandleAccessor.java:103) ~[na:na]
	at java.base/java.lang.reflect.Method.invoke(Method.java:580) ~[na:na]
	at org.springframework.boot.devtools.restart.RestartLauncher.run(RestartLauncher.java:50) ~[spring-boot-devtools-3.3.1.jar:3.3.1]
Caused by: java.io.FileNotFoundException: class path resource [org/springframework/security/core/userdetails/UserDetailsService.class] cannot be opened because it does not exist
	at org.springframework.core.io.ClassPathResource.getInputStream(ClassPathResource.java:215) ~[spring-core-6.1.10.jar:6.1.10]
	at org.springframework.core.type.classreading.SimpleMetadataReader.getClassReader(SimpleMetadataReader.java:54) ~[spring-core-6.1.10.jar:6.1.10]
	at org.springframework.core.type.classreading.SimpleMetadataReader.<init>(SimpleMetadataReader.java:48) ~[spring-core-6.1.10.jar:6.1.10]
	at org.springframework.core.type.classreading.SimpleMetadataReaderFactory.getMetadataReader(SimpleMetadataReaderFactory.java:103) ~[spring-core-6.1.10.jar:6.1.10]
	at org.springframework.boot.type.classreading.ConcurrentReferenceCachingMetadataReaderFactory.createMetadataReader(ConcurrentReferenceCachingMetadataReaderFactory.java:86) ~[spring-boot-3.3.1.jar:3.3.1]
	at org.springframework.boot.type.classreading.ConcurrentReferenceCachingMetadataReaderFactory.getMetadataReader(ConcurrentReferenceCachingMetadataReaderFactory.java:73) ~[spring-boot-3.3.1.jar:3.3.1]
	at org.springframework.core.type.classreading.SimpleMetadataReaderFactory.getMetadataReader(SimpleMetadataReaderFactory.java:81) ~[spring-core-6.1.10.jar:6.1.10]
	at org.springframework.context.annotation.ConfigurationClassParser.asSourceClass(ConfigurationClassParser.java:630) ~[spring-context-6.1.10.jar:6.1.10]
	at org.springframework.context.annotation.ConfigurationClassParser$SourceClass.getInterfaces(ConfigurationClassParser.java:956) ~[spring-context-6.1.10.jar:6.1.10]
	at org.springframework.context.annotation.ConfigurationClassParser.processInterfaces(ConfigurationClassParser.java:396) ~[spring-context-6.1.10.jar:6.1.10]
	at org.springframework.context.annotation.ConfigurationClassParser.doProcessConfigurationClass(ConfigurationClassParser.java:342) ~[spring-context-6.1.10.jar:6.1.10]
	at org.springframework.context.annotation.ConfigurationClassParser.processConfigurationClass(ConfigurationClassParser.java:246) ~[spring-context-6.1.10.jar:6.1.10]
	... 21 common frames omitted

2024-07-18T21:54:24.274+01:00 DEBUG 4188 --- [digitalisationServiceDeControle] [Thread-11] o.s.boot.devtools.restart.Restarter      : Starting application org.system.digitalisationservicedecontrole.DigitalisationServiceDeControleApplication with URLs [file:/C:/Users/pc/IdeaProjects/digitalisationServiceDeControleSpring/target/classes/]
2024-07-18T21:54:24.355+01:00  INFO 4188 --- [digitalisationServiceDeControle] [restartedMain] gitalisationServiceDeControleApplication : Starting DigitalisationServiceDeControleApplication using Java 21 with PID 4188 (C:\Users\pc\IdeaProjects\digitalisationServiceDeControleSpring\target\classes started by pc in C:\Users\pc\IdeaProjects\digitalisationServiceDeControleSpring)
2024-07-18T21:54:24.356+01:00 DEBUG 4188 --- [digitalisationServiceDeControle] [restartedMain] gitalisationServiceDeControleApplication : Running with Spring Boot v3.3.1, Spring v6.1.10
2024-07-18T21:54:24.356+01:00  INFO 4188 --- [digitalisationServiceDeControle] [restartedMain] gitalisationServiceDeControleApplication : No active profile set, falling back to 1 default profile: "default"
2024-07-18T21:54:24.357+01:00 DEBUG 4188 --- [digitalisationServiceDeControle] [restartedMain] o.s.boot.SpringApplication               : Loading source class org.system.digitalisationservicedecontrole.DigitalisationServiceDeControleApplication
2024-07-18T21:54:24.362+01:00 DEBUG 4188 --- [digitalisationServiceDeControle] [restartedMain] ConfigServletWebServerApplicationContext : Refreshing org.springframework.boot.web.servlet.context.AnnotationConfigServletWebServerApplicationContext@39e4670c
2024-07-18T21:54:24.363+01:00 DEBUG 4188 --- [digitalisationServiceDeControle] [restartedMain] o.s.b.f.s.DefaultListableBeanFactory     : Creating shared instance of singleton bean 'org.springframework.context.annotation.internalConfigurationAnnotationProcessor'
2024-07-18T21:54:24.364+01:00 DEBUG 4188 --- [digitalisationServiceDeControle] [restartedMain] o.s.b.f.s.DefaultListableBeanFactory     : Creating shared instance of singleton bean 'org.springframework.boot.autoconfigure.internalCachingMetadataReaderFactory'
2024-07-18T21:54:24.375+01:00 DEBUG 4188 --- [digitalisationServiceDeControle] [restartedMain] o.s.c.a.ClassPathBeanDefinitionScanner   : Identified candidate component class: file [C:\Users\pc\IdeaProjects\digitalisationServiceDeControleSpring\target\classes\org\system\digitalisationservicedecontrole\configuration\SecurityConfig.class]
2024-07-18T21:54:24.378+01:00 DEBUG 4188 --- [digitalisationServiceDeControle] [restartedMain] o.s.c.a.ClassPathBeanDefinitionScanner   : Identified candidate component class: file [C:\Users\pc\IdeaProjects\digitalisationServiceDeControleSpring\target\classes\org\system\digitalisationservicedecontrole\controllers\ContoleurController.class]
2024-07-18T21:54:24.381+01:00 DEBUG 4188 --- [digitalisationServiceDeControle] [restartedMain] o.s.c.a.ClassPathBeanDefinitionScanner   : Identified candidate component class: file [C:\Users\pc\IdeaProjects\digitalisationServiceDeControleSpring\target\classes\org\system\digitalisationservicedecontrole\controllers\PageController.class]
2024-07-18T21:54:24.383+01:00 DEBUG 4188 --- [digitalisationServiceDeControle] [restartedMain] o.s.c.a.ClassPathBeanDefinitionScanner   : Identified candidate component class: file [C:\Users\pc\IdeaProjects\digitalisationServiceDeControleSpring\target\classes\org\system\digitalisationservicedecontrole\controllers\ResponsableControleurController.class]
2024-07-18T21:54:24.385+01:00 DEBUG 4188 --- [digitalisationServiceDeControle] [restartedMain] o.s.c.a.ClassPathBeanDefinitionScanner   : Identified candidate component class: file [C:\Users\pc\IdeaProjects\digitalisationServiceDeControleSpring\target\classes\org\system\digitalisationservicedecontrole\controllers\ResponsableGeneralController.class]
2024-07-18T21:54:24.577+01:00 DEBUG 4188 --- [digitalisationServiceDeControle] [restartedMain] o.s.c.a.ClassPathBeanDefinitionScanner   : Identified candidate component class: file [C:\Users\pc\IdeaProjects\digitalisationServiceDeControleSpring\target\classes\org\system\digitalisationservicedecontrole\services\ControleurService.class]
2024-07-18T21:54:24.607+01:00 DEBUG 4188 --- [digitalisationServiceDeControle] [restartedMain] o.s.c.a.ClassPathBeanDefinitionScanner   : Identified candidate component class: file [C:\Users\pc\IdeaProjects\digitalisationServiceDeControleSpring\target\classes\org\system\digitalisationservicedecontrole\services\ResponsableControleurService.class]
2024-07-18T21:54:24.608+01:00 DEBUG 4188 --- [digitalisationServiceDeControle] [restartedMain] o.s.c.a.ClassPathBeanDefinitionScanner   : Identified candidate component class: file [C:\Users\pc\IdeaProjects\digitalisationServiceDeControleSpring\target\classes\org\system\digitalisationservicedecontrole\services\ResponsableGeneralService.class]
2024-07-18T21:54:24.632+01:00  WARN 4188 --- [digitalisationServiceDeControle] [restartedMain] ConfigServletWebServerApplicationContext : Exception encountered during context initialization - cancelling refresh attempt: org.springframework.beans.factory.BeanDefinitionStoreException: I/O failure while processing configuration class [org.system.digitalisationservicedecontrole.services.ControleurService]
2024-07-18T21:54:24.641+01:00 ERROR 4188 --- [digitalisationServiceDeControle] [restartedMain] o.s.boot.SpringApplication               : Application run failed

org.springframework.beans.factory.BeanDefinitionStoreException: I/O failure while processing configuration class [org.system.digitalisationservicedecontrole.services.ControleurService]
	at org.springframework.context.annotation.ConfigurationClassParser.processConfigurationClass(ConfigurationClassParser.java:251) ~[spring-context-6.1.10.jar:6.1.10]
	at org.springframework.context.annotation.ConfigurationClassParser.parse(ConfigurationClassParser.java:189) ~[spring-context-6.1.10.jar:6.1.10]
	at org.springframework.context.annotation.ConfigurationClassParser.doProcessConfigurationClass(ConfigurationClassParser.java:314) ~[spring-context-6.1.10.jar:6.1.10]
	at org.springframework.context.annotation.ConfigurationClassParser.processConfigurationClass(ConfigurationClassParser.java:246) ~[spring-context-6.1.10.jar:6.1.10]
	at org.springframework.context.annotation.ConfigurationClassParser.parse(ConfigurationClassParser.java:197) ~[spring-context-6.1.10.jar:6.1.10]
	at org.springframework.context.annotation.ConfigurationClassParser.parse(ConfigurationClassParser.java:165) ~[spring-context-6.1.10.jar:6.1.10]
	at org.springframework.context.annotation.ConfigurationClassPostProcessor.processConfigBeanDefinitions(ConfigurationClassPostProcessor.java:417) ~[spring-context-6.1.10.jar:6.1.10]
	at org.springframework.context.annotation.ConfigurationClassPostProcessor.postProcessBeanDefinitionRegistry(ConfigurationClassPostProcessor.java:290) ~[spring-context-6.1.10.jar:6.1.10]
	at org.springframework.context.support.PostProcessorRegistrationDelegate.invokeBeanDefinitionRegistryPostProcessors(PostProcessorRegistrationDelegate.java:349) ~[spring-context-6.1.10.jar:6.1.10]
	at org.springframework.context.support.PostProcessorRegistrationDelegate.invokeBeanFactoryPostProcessors(PostProcessorRegistrationDelegate.java:118) ~[spring-context-6.1.10.jar:6.1.10]
	at org.springframework.context.support.AbstractApplicationContext.invokeBeanFactoryPostProcessors(AbstractApplicationContext.java:788) ~[spring-context-6.1.10.jar:6.1.10]
	at org.springframework.context.support.AbstractApplicationContext.refresh(AbstractApplicationContext.java:606) ~[spring-context-6.1.10.jar:6.1.10]
	at org.springframework.boot.web.servlet.context.ServletWebServerApplicationContext.refresh(ServletWebServerApplicationContext.java:146) ~[spring-boot-3.3.1.jar:3.3.1]
	at org.springframework.boot.SpringApplication.refresh(SpringApplication.java:754) ~[spring-boot-3.3.1.jar:3.3.1]
	at org.springframework.boot.SpringApplication.refreshContext(SpringApplication.java:456) ~[spring-boot-3.3.1.jar:3.3.1]
	at org.springframework.boot.SpringApplication.run(SpringApplication.java:335) ~[spring-boot-3.3.1.jar:3.3.1]
	at org.springframework.boot.SpringApplication.run(SpringApplication.java:1363) ~[spring-boot-3.3.1.jar:3.3.1]
	at org.springframework.boot.SpringApplication.run(SpringApplication.java:1352) ~[spring-boot-3.3.1.jar:3.3.1]
	at org.system.digitalisationservicedecontrole.DigitalisationServiceDeControleApplication.main(DigitalisationServiceDeControleApplication.java:10) ~[classes/:na]
	at java.base/jdk.internal.reflect.DirectMethodHandleAccessor.invoke(DirectMethodHandleAccessor.java:103) ~[na:na]
	at java.base/java.lang.reflect.Method.invoke(Method.java:580) ~[na:na]
	at org.springframework.boot.devtools.restart.RestartLauncher.run(RestartLauncher.java:50) ~[spring-boot-devtools-3.3.1.jar:3.3.1]
Caused by: java.io.FileNotFoundException: class path resource [org/springframework/security/core/userdetails/UserDetailsService.class] cannot be opened because it does not exist
	at org.springframework.core.io.ClassPathResource.getInputStream(ClassPathResource.java:215) ~[spring-core-6.1.10.jar:6.1.10]
	at org.springframework.core.type.classreading.SimpleMetadataReader.getClassReader(SimpleMetadataReader.java:54) ~[spring-core-6.1.10.jar:6.1.10]
	at org.springframework.core.type.classreading.SimpleMetadataReader.<init>(SimpleMetadataReader.java:48) ~[spring-core-6.1.10.jar:6.1.10]
	at org.springframework.core.type.classreading.SimpleMetadataReaderFactory.getMetadataReader(SimpleMetadataReaderFactory.java:103) ~[spring-core-6.1.10.jar:6.1.10]
	at org.springframework.boot.type.classreading.ConcurrentReferenceCachingMetadataReaderFactory.createMetadataReader(ConcurrentReferenceCachingMetadataReaderFactory.java:86) ~[spring-boot-3.3.1.jar:3.3.1]
	at org.springframework.boot.type.classreading.ConcurrentReferenceCachingMetadataReaderFactory.getMetadataReader(ConcurrentReferenceCachingMetadataReaderFactory.java:73) ~[spring-boot-3.3.1.jar:3.3.1]
	at org.springframework.core.type.classreading.SimpleMetadataReaderFactory.getMetadataReader(SimpleMetadataReaderFactory.java:81) ~[spring-core-6.1.10.jar:6.1.10]
	at org.springframework.context.annotation.ConfigurationClassParser.asSourceClass(ConfigurationClassParser.java:630) ~[spring-context-6.1.10.jar:6.1.10]
	at org.springframework.context.annotation.ConfigurationClassParser$SourceClass.getInterfaces(ConfigurationClassParser.java:956) ~[spring-context-6.1.10.jar:6.1.10]
	at org.springframework.context.annotation.ConfigurationClassParser.processInterfaces(ConfigurationClassParser.java:396) ~[spring-context-6.1.10.jar:6.1.10]
	at org.springframework.context.annotation.ConfigurationClassParser.doProcessConfigurationClass(ConfigurationClassParser.java:342) ~[spring-context-6.1.10.jar:6.1.10]
	at org.springframework.context.annotation.ConfigurationClassParser.processConfigurationClass(ConfigurationClassParser.java:246) ~[spring-context-6.1.10.jar:6.1.10]
	... 21 common frames omitted

2024-07-18T21:57:30.499+01:00 DEBUG 4188 --- [digitalisationServiceDeControle] [Thread-11] o.s.boot.devtools.restart.Restarter      : Starting application org.system.digitalisationservicedecontrole.DigitalisationServiceDeControleApplication with URLs [file:/C:/Users/pc/IdeaProjects/digitalisationServiceDeControleSpring/target/classes/]
2024-07-18T21:57:30.592+01:00  INFO 4188 --- [digitalisationServiceDeControle] [restartedMain] gitalisationServiceDeControleApplication : Starting DigitalisationServiceDeControleApplication using Java 21 with PID 4188 (C:\Users\pc\IdeaProjects\digitalisationServiceDeControleSpring\target\classes started by pc in C:\Users\pc\IdeaProjects\digitalisationServiceDeControleSpring)
2024-07-18T21:57:30.593+01:00 DEBUG 4188 --- [digitalisationServiceDeControle] [restartedMain] gitalisationServiceDeControleApplication : Running with Spring Boot v3.3.1, Spring v6.1.10
2024-07-18T21:57:30.593+01:00  INFO 4188 --- [digitalisationServiceDeControle] [restartedMain] gitalisationServiceDeControleApplication : No active profile set, falling back to 1 default profile: "default"
2024-07-18T21:57:30.593+01:00 DEBUG 4188 --- [digitalisationServiceDeControle] [restartedMain] o.s.boot.SpringApplication               : Loading source class org.system.digitalisationservicedecontrole.DigitalisationServiceDeControleApplication
2024-07-18T21:57:30.601+01:00 DEBUG 4188 --- [digitalisationServiceDeControle] [restartedMain] ConfigServletWebServerApplicationContext : Refreshing org.springframework.boot.web.servlet.context.AnnotationConfigServletWebServerApplicationContext@d9e90aa
2024-07-18T21:57:30.603+01:00 DEBUG 4188 --- [digitalisationServiceDeControle] [restartedMain] o.s.b.f.s.DefaultListableBeanFactory     : Creating shared instance of singleton bean 'org.springframework.context.annotation.internalConfigurationAnnotationProcessor'
2024-07-18T21:57:30.604+01:00 DEBUG 4188 --- [digitalisationServiceDeControle] [restartedMain] o.s.b.f.s.DefaultListableBeanFactory     : Creating shared instance of singleton bean 'org.springframework.boot.autoconfigure.internalCachingMetadataReaderFactory'
2024-07-18T21:57:30.613+01:00 DEBUG 4188 --- [digitalisationServiceDeControle] [restartedMain] o.s.c.a.ClassPathBeanDefinitionScanner   : Identified candidate component class: file [C:\Users\pc\IdeaProjects\digitalisationServiceDeControleSpring\target\classes\org\system\digitalisationservicedecontrole\configuration\CompositeUserDetailsService.class]
2024-07-18T21:57:30.625+01:00 DEBUG 4188 --- [digitalisationServiceDeControle] [restartedMain] o.s.c.a.ClassPathBeanDefinitionScanner   : Identified candidate component class: file [C:\Users\pc\IdeaProjects\digitalisationServiceDeControleSpring\target\classes\org\system\digitalisationservicedecontrole\configuration\SecurityConfig.class]
2024-07-18T21:57:30.634+01:00 DEBUG 4188 --- [digitalisationServiceDeControle] [restartedMain] o.s.c.a.ClassPathBeanDefinitionScanner   : Identified candidate component class: file [C:\Users\pc\IdeaProjects\digitalisationServiceDeControleSpring\target\classes\org\system\digitalisationservicedecontrole\controllers\ContoleurController.class]
2024-07-18T21:57:30.645+01:00 DEBUG 4188 --- [digitalisationServiceDeControle] [restartedMain] o.s.c.a.ClassPathBeanDefinitionScanner   : Identified candidate component class: file [C:\Users\pc\IdeaProjects\digitalisationServiceDeControleSpring\target\classes\org\system\digitalisationservicedecontrole\controllers\PageController.class]
2024-07-18T21:57:30.648+01:00 DEBUG 4188 --- [digitalisationServiceDeControle] [restartedMain] o.s.c.a.ClassPathBeanDefinitionScanner   : Identified candidate component class: file [C:\Users\pc\IdeaProjects\digitalisationServiceDeControleSpring\target\classes\org\system\digitalisationservicedecontrole\controllers\ResponsableControleurController.class]
2024-07-18T21:57:30.650+01:00 DEBUG 4188 --- [digitalisationServiceDeControle] [restartedMain] o.s.c.a.ClassPathBeanDefinitionScanner   : Identified candidate component class: file [C:\Users\pc\IdeaProjects\digitalisationServiceDeControleSpring\target\classes\org\system\digitalisationservicedecontrole\controllers\ResponsableGeneralController.class]
2024-07-18T21:57:30.659+01:00 DEBUG 4188 --- [digitalisationServiceDeControle] [restartedMain] o.s.c.a.ClassPathBeanDefinitionScanner   : Identified candidate component class: file [C:\Users\pc\IdeaProjects\digitalisationServiceDeControleSpring\target\classes\org\system\digitalisationservicedecontrole\exceptionHnadler\GlobalExceptionHandler.class]
2024-07-18T21:57:30.664+01:00 DEBUG 4188 --- [digitalisationServiceDeControle] [restartedMain] o.s.c.a.ClassPathBeanDefinitionScanner   : Identified candidate component class: file [C:\Users\pc\IdeaProjects\digitalisationServiceDeControleSpring\target\classes\org\system\digitalisationservicedecontrole\services\ControleurService.class]
2024-07-18T21:57:30.665+01:00 DEBUG 4188 --- [digitalisationServiceDeControle] [restartedMain] o.s.c.a.ClassPathBeanDefinitionScanner   : Identified candidate component class: file [C:\Users\pc\IdeaProjects\digitalisationServiceDeControleSpring\target\classes\org\system\digitalisationservicedecontrole\services\ResponsableControleurService.class]
2024-07-18T21:57:30.666+01:00 DEBUG 4188 --- [digitalisationServiceDeControle] [restartedMain] o.s.c.a.ClassPathBeanDefinitionScanner   : Identified candidate component class: file [C:\Users\pc\IdeaProjects\digitalisationServiceDeControleSpring\target\classes\org\system\digitalisationservicedecontrole\services\ResponsableGeneralService.class]
2024-07-18T21:57:30.669+01:00  WARN 4188 --- [digitalisationServiceDeControle] [restartedMain] ConfigServletWebServerApplicationContext : Exception encountered during context initialization - cancelling refresh attempt: org.springframework.beans.factory.BeanDefinitionStoreException: I/O failure while processing configuration class [org.system.digitalisationservicedecontrole.configuration.CompositeUserDetailsService]
2024-07-18T21:57:30.699+01:00 ERROR 4188 --- [digitalisationServiceDeControle] [restartedMain] o.s.boot.SpringApplication               : Application run failed

org.springframework.beans.factory.BeanDefinitionStoreException: I/O failure while processing configuration class [org.system.digitalisationservicedecontrole.configuration.CompositeUserDetailsService]
	at org.springframework.context.annotation.ConfigurationClassParser.processConfigurationClass(ConfigurationClassParser.java:251) ~[spring-context-6.1.10.jar:6.1.10]
	at org.springframework.context.annotation.ConfigurationClassParser.parse(ConfigurationClassParser.java:189) ~[spring-context-6.1.10.jar:6.1.10]
	at org.springframework.context.annotation.ConfigurationClassParser.doProcessConfigurationClass(ConfigurationClassParser.java:314) ~[spring-context-6.1.10.jar:6.1.10]
	at org.springframework.context.annotation.ConfigurationClassParser.processConfigurationClass(ConfigurationClassParser.java:246) ~[spring-context-6.1.10.jar:6.1.10]
	at org.springframework.context.annotation.ConfigurationClassParser.parse(ConfigurationClassParser.java:197) ~[spring-context-6.1.10.jar:6.1.10]
	at org.springframework.context.annotation.ConfigurationClassParser.parse(ConfigurationClassParser.java:165) ~[spring-context-6.1.10.jar:6.1.10]
	at org.springframework.context.annotation.ConfigurationClassPostProcessor.processConfigBeanDefinitions(ConfigurationClassPostProcessor.java:417) ~[spring-context-6.1.10.jar:6.1.10]
	at org.springframework.context.annotation.ConfigurationClassPostProcessor.postProcessBeanDefinitionRegistry(ConfigurationClassPostProcessor.java:290) ~[spring-context-6.1.10.jar:6.1.10]
	at org.springframework.context.support.PostProcessorRegistrationDelegate.invokeBeanDefinitionRegistryPostProcessors(PostProcessorRegistrationDelegate.java:349) ~[spring-context-6.1.10.jar:6.1.10]
	at org.springframework.context.support.PostProcessorRegistrationDelegate.invokeBeanFactoryPostProcessors(PostProcessorRegistrationDelegate.java:118) ~[spring-context-6.1.10.jar:6.1.10]
	at org.springframework.context.support.AbstractApplicationContext.invokeBeanFactoryPostProcessors(AbstractApplicationContext.java:788) ~[spring-context-6.1.10.jar:6.1.10]
	at org.springframework.context.support.AbstractApplicationContext.refresh(AbstractApplicationContext.java:606) ~[spring-context-6.1.10.jar:6.1.10]
	at org.springframework.boot.web.servlet.context.ServletWebServerApplicationContext.refresh(ServletWebServerApplicationContext.java:146) ~[spring-boot-3.3.1.jar:3.3.1]
	at org.springframework.boot.SpringApplication.refresh(SpringApplication.java:754) ~[spring-boot-3.3.1.jar:3.3.1]
	at org.springframework.boot.SpringApplication.refreshContext(SpringApplication.java:456) ~[spring-boot-3.3.1.jar:3.3.1]
	at org.springframework.boot.SpringApplication.run(SpringApplication.java:335) ~[spring-boot-3.3.1.jar:3.3.1]
	at org.springframework.boot.SpringApplication.run(SpringApplication.java:1363) ~[spring-boot-3.3.1.jar:3.3.1]
	at org.springframework.boot.SpringApplication.run(SpringApplication.java:1352) ~[spring-boot-3.3.1.jar:3.3.1]
	at org.system.digitalisationservicedecontrole.DigitalisationServiceDeControleApplication.main(DigitalisationServiceDeControleApplication.java:10) ~[classes/:na]
	at java.base/jdk.internal.reflect.DirectMethodHandleAccessor.invoke(DirectMethodHandleAccessor.java:103) ~[na:na]
	at java.base/java.lang.reflect.Method.invoke(Method.java:580) ~[na:na]
	at org.springframework.boot.devtools.restart.RestartLauncher.run(RestartLauncher.java:50) ~[spring-boot-devtools-3.3.1.jar:3.3.1]
Caused by: java.io.FileNotFoundException: class path resource [org/springframework/security/core/userdetails/UserDetailsService.class] cannot be opened because it does not exist
	at org.springframework.core.io.ClassPathResource.getInputStream(ClassPathResource.java:215) ~[spring-core-6.1.10.jar:6.1.10]
	at org.springframework.core.type.classreading.SimpleMetadataReader.getClassReader(SimpleMetadataReader.java:54) ~[spring-core-6.1.10.jar:6.1.10]
	at org.springframework.core.type.classreading.SimpleMetadataReader.<init>(SimpleMetadataReader.java:48) ~[spring-core-6.1.10.jar:6.1.10]
	at org.springframework.core.type.classreading.SimpleMetadataReaderFactory.getMetadataReader(SimpleMetadataReaderFactory.java:103) ~[spring-core-6.1.10.jar:6.1.10]
	at org.springframework.boot.type.classreading.ConcurrentReferenceCachingMetadataReaderFactory.createMetadataReader(ConcurrentReferenceCachingMetadataReaderFactory.java:86) ~[spring-boot-3.3.1.jar:3.3.1]
	at org.springframework.boot.type.classreading.ConcurrentReferenceCachingMetadataReaderFactory.getMetadataReader(ConcurrentReferenceCachingMetadataReaderFactory.java:73) ~[spring-boot-3.3.1.jar:3.3.1]
	at org.springframework.core.type.classreading.SimpleMetadataReaderFactory.getMetadataReader(SimpleMetadataReaderFactory.java:81) ~[spring-core-6.1.10.jar:6.1.10]
	at org.springframework.context.annotation.ConfigurationClassParser.asSourceClass(ConfigurationClassParser.java:630) ~[spring-context-6.1.10.jar:6.1.10]
	at org.springframework.context.annotation.ConfigurationClassParser$SourceClass.getInterfaces(ConfigurationClassParser.java:956) ~[spring-context-6.1.10.jar:6.1.10]
	at org.springframework.context.annotation.ConfigurationClassParser.processInterfaces(ConfigurationClassParser.java:396) ~[spring-context-6.1.10.jar:6.1.10]
	at org.springframework.context.annotation.ConfigurationClassParser.doProcessConfigurationClass(ConfigurationClassParser.java:342) ~[spring-context-6.1.10.jar:6.1.10]
	at org.springframework.context.annotation.ConfigurationClassParser.processConfigurationClass(ConfigurationClassParser.java:246) ~[spring-context-6.1.10.jar:6.1.10]
	... 21 common frames omitted

2024-07-18T21:57:33.553+01:00 DEBUG 4188 --- [digitalisationServiceDeControle] [Thread-11] o.s.boot.devtools.restart.Restarter      : Starting application org.system.digitalisationservicedecontrole.DigitalisationServiceDeControleApplication with URLs [file:/C:/Users/pc/IdeaProjects/digitalisationServiceDeControleSpring/target/classes/]
2024-07-18T21:57:33.647+01:00  INFO 4188 --- [digitalisationServiceDeControle] [restartedMain] gitalisationServiceDeControleApplication : Starting DigitalisationServiceDeControleApplication using Java 21 with PID 4188 (C:\Users\pc\IdeaProjects\digitalisationServiceDeControleSpring\target\classes started by pc in C:\Users\pc\IdeaProjects\digitalisationServiceDeControleSpring)
2024-07-18T21:57:33.648+01:00 DEBUG 4188 --- [digitalisationServiceDeControle] [restartedMain] gitalisationServiceDeControleApplication : Running with Spring Boot v3.3.1, Spring v6.1.10
2024-07-18T21:57:33.650+01:00  INFO 4188 --- [digitalisationServiceDeControle] [restartedMain] gitalisationServiceDeControleApplication : No active profile set, falling back to 1 default profile: "default"
2024-07-18T21:57:33.650+01:00 DEBUG 4188 --- [digitalisationServiceDeControle] [restartedMain] o.s.boot.SpringApplication               : Loading source class org.system.digitalisationservicedecontrole.DigitalisationServiceDeControleApplication
2024-07-18T21:57:33.657+01:00 DEBUG 4188 --- [digitalisationServiceDeControle] [restartedMain] ConfigServletWebServerApplicationContext : Refreshing org.springframework.boot.web.servlet.context.AnnotationConfigServletWebServerApplicationContext@19cab768
2024-07-18T21:57:33.658+01:00 DEBUG 4188 --- [digitalisationServiceDeControle] [restartedMain] o.s.b.f.s.DefaultListableBeanFactory     : Creating shared instance of singleton bean 'org.springframework.context.annotation.internalConfigurationAnnotationProcessor'
2024-07-18T21:57:33.659+01:00 DEBUG 4188 --- [digitalisationServiceDeControle] [restartedMain] o.s.b.f.s.DefaultListableBeanFactory     : Creating shared instance of singleton bean 'org.springframework.boot.autoconfigure.internalCachingMetadataReaderFactory'
2024-07-18T21:57:33.670+01:00 DEBUG 4188 --- [digitalisationServiceDeControle] [restartedMain] o.s.c.a.ClassPathBeanDefinitionScanner   : Identified candidate component class: file [C:\Users\pc\IdeaProjects\digitalisationServiceDeControleSpring\target\classes\org\system\digitalisationservicedecontrole\configuration\CompositeUserDetailsService.class]
2024-07-18T21:57:33.694+01:00 DEBUG 4188 --- [digitalisationServiceDeControle] [restartedMain] o.s.c.a.ClassPathBeanDefinitionScanner   : Identified candidate component class: file [C:\Users\pc\IdeaProjects\digitalisationServiceDeControleSpring\target\classes\org\system\digitalisationservicedecontrole\configuration\SecurityConfig.class]
2024-07-18T21:57:33.697+01:00 DEBUG 4188 --- [digitalisationServiceDeControle] [restartedMain] o.s.c.a.ClassPathBeanDefinitionScanner   : Identified candidate component class: file [C:\Users\pc\IdeaProjects\digitalisationServiceDeControleSpring\target\classes\org\system\digitalisationservicedecontrole\controllers\ContoleurController.class]
2024-07-18T21:57:33.699+01:00 DEBUG 4188 --- [digitalisationServiceDeControle] [restartedMain] o.s.c.a.ClassPathBeanDefinitionScanner   : Identified candidate component class: file [C:\Users\pc\IdeaProjects\digitalisationServiceDeControleSpring\target\classes\org\system\digitalisationservicedecontrole\controllers\PageController.class]
2024-07-18T21:57:33.702+01:00 DEBUG 4188 --- [digitalisationServiceDeControle] [restartedMain] o.s.c.a.ClassPathBeanDefinitionScanner   : Identified candidate component class: file [C:\Users\pc\IdeaProjects\digitalisationServiceDeControleSpring\target\classes\org\system\digitalisationservicedecontrole\controllers\ResponsableControleurController.class]
2024-07-18T21:57:33.703+01:00 DEBUG 4188 --- [digitalisationServiceDeControle] [restartedMain] o.s.c.a.ClassPathBeanDefinitionScanner   : Identified candidate component class: file [C:\Users\pc\IdeaProjects\digitalisationServiceDeControleSpring\target\classes\org\system\digitalisationservicedecontrole\controllers\ResponsableGeneralController.class]
2024-07-18T21:57:33.713+01:00 DEBUG 4188 --- [digitalisationServiceDeControle] [restartedMain] o.s.c.a.ClassPathBeanDefinitionScanner   : Identified candidate component class: file [C:\Users\pc\IdeaProjects\digitalisationServiceDeControleSpring\target\classes\org\system\digitalisationservicedecontrole\exceptionHnadler\GlobalExceptionHandler.class]
2024-07-18T21:57:33.719+01:00 DEBUG 4188 --- [digitalisationServiceDeControle] [restartedMain] o.s.c.a.ClassPathBeanDefinitionScanner   : Identified candidate component class: file [C:\Users\pc\IdeaProjects\digitalisationServiceDeControleSpring\target\classes\org\system\digitalisationservicedecontrole\services\ControleurService.class]
2024-07-18T21:57:33.738+01:00 DEBUG 4188 --- [digitalisationServiceDeControle] [restartedMain] o.s.c.a.ClassPathBeanDefinitionScanner   : Identified candidate component class: file [C:\Users\pc\IdeaProjects\digitalisationServiceDeControleSpring\target\classes\org\system\digitalisationservicedecontrole\services\ResponsableControleurService.class]
2024-07-18T21:57:33.739+01:00 DEBUG 4188 --- [digitalisationServiceDeControle] [restartedMain] o.s.c.a.ClassPathBeanDefinitionScanner   : Identified candidate component class: file [C:\Users\pc\IdeaProjects\digitalisationServiceDeControleSpring\target\classes\org\system\digitalisationservicedecontrole\services\ResponsableGeneralService.class]
2024-07-18T21:57:33.746+01:00  WARN 4188 --- [digitalisationServiceDeControle] [restartedMain] ConfigServletWebServerApplicationContext : Exception encountered during context initialization - cancelling refresh attempt: org.springframework.beans.factory.BeanDefinitionStoreException: I/O failure while processing configuration class [org.system.digitalisationservicedecontrole.configuration.CompositeUserDetailsService]
2024-07-18T21:57:33.768+01:00 ERROR 4188 --- [digitalisationServiceDeControle] [restartedMain] o.s.boot.SpringApplication               : Application run failed

org.springframework.beans.factory.BeanDefinitionStoreException: I/O failure while processing configuration class [org.system.digitalisationservicedecontrole.configuration.CompositeUserDetailsService]
	at org.springframework.context.annotation.ConfigurationClassParser.processConfigurationClass(ConfigurationClassParser.java:251) ~[spring-context-6.1.10.jar:6.1.10]
	at org.springframework.context.annotation.ConfigurationClassParser.parse(ConfigurationClassParser.java:189) ~[spring-context-6.1.10.jar:6.1.10]
	at org.springframework.context.annotation.ConfigurationClassParser.doProcessConfigurationClass(ConfigurationClassParser.java:314) ~[spring-context-6.1.10.jar:6.1.10]
	at org.springframework.context.annotation.ConfigurationClassParser.processConfigurationClass(ConfigurationClassParser.java:246) ~[spring-context-6.1.10.jar:6.1.10]
	at org.springframework.context.annotation.ConfigurationClassParser.parse(ConfigurationClassParser.java:197) ~[spring-context-6.1.10.jar:6.1.10]
	at org.springframework.context.annotation.ConfigurationClassParser.parse(ConfigurationClassParser.java:165) ~[spring-context-6.1.10.jar:6.1.10]
	at org.springframework.context.annotation.ConfigurationClassPostProcessor.processConfigBeanDefinitions(ConfigurationClassPostProcessor.java:417) ~[spring-context-6.1.10.jar:6.1.10]
	at org.springframework.context.annotation.ConfigurationClassPostProcessor.postProcessBeanDefinitionRegistry(ConfigurationClassPostProcessor.java:290) ~[spring-context-6.1.10.jar:6.1.10]
	at org.springframework.context.support.PostProcessorRegistrationDelegate.invokeBeanDefinitionRegistryPostProcessors(PostProcessorRegistrationDelegate.java:349) ~[spring-context-6.1.10.jar:6.1.10]
	at org.springframework.context.support.PostProcessorRegistrationDelegate.invokeBeanFactoryPostProcessors(PostProcessorRegistrationDelegate.java:118) ~[spring-context-6.1.10.jar:6.1.10]
	at org.springframework.context.support.AbstractApplicationContext.invokeBeanFactoryPostProcessors(AbstractApplicationContext.java:788) ~[spring-context-6.1.10.jar:6.1.10]
	at org.springframework.context.support.AbstractApplicationContext.refresh(AbstractApplicationContext.java:606) ~[spring-context-6.1.10.jar:6.1.10]
	at org.springframework.boot.web.servlet.context.ServletWebServerApplicationContext.refresh(ServletWebServerApplicationContext.java:146) ~[spring-boot-3.3.1.jar:3.3.1]
	at org.springframework.boot.SpringApplication.refresh(SpringApplication.java:754) ~[spring-boot-3.3.1.jar:3.3.1]
	at org.springframework.boot.SpringApplication.refreshContext(SpringApplication.java:456) ~[spring-boot-3.3.1.jar:3.3.1]
	at org.springframework.boot.SpringApplication.run(SpringApplication.java:335) ~[spring-boot-3.3.1.jar:3.3.1]
	at org.springframework.boot.SpringApplication.run(SpringApplication.java:1363) ~[spring-boot-3.3.1.jar:3.3.1]
	at org.springframework.boot.SpringApplication.run(SpringApplication.java:1352) ~[spring-boot-3.3.1.jar:3.3.1]
	at org.system.digitalisationservicedecontrole.DigitalisationServiceDeControleApplication.main(DigitalisationServiceDeControleApplication.java:10) ~[classes/:na]
	at java.base/jdk.internal.reflect.DirectMethodHandleAccessor.invoke(DirectMethodHandleAccessor.java:103) ~[na:na]
	at java.base/java.lang.reflect.Method.invoke(Method.java:580) ~[na:na]
	at org.springframework.boot.devtools.restart.RestartLauncher.run(RestartLauncher.java:50) ~[spring-boot-devtools-3.3.1.jar:3.3.1]
Caused by: java.io.FileNotFoundException: class path resource [org/springframework/security/core/userdetails/UserDetailsService.class] cannot be opened because it does not exist
	at org.springframework.core.io.ClassPathResource.getInputStream(ClassPathResource.java:215) ~[spring-core-6.1.10.jar:6.1.10]
	at org.springframework.core.type.classreading.SimpleMetadataReader.getClassReader(SimpleMetadataReader.java:54) ~[spring-core-6.1.10.jar:6.1.10]
	at org.springframework.core.type.classreading.SimpleMetadataReader.<init>(SimpleMetadataReader.java:48) ~[spring-core-6.1.10.jar:6.1.10]
	at org.springframework.core.type.classreading.SimpleMetadataReaderFactory.getMetadataReader(SimpleMetadataReaderFactory.java:103) ~[spring-core-6.1.10.jar:6.1.10]
	at org.springframework.boot.type.classreading.ConcurrentReferenceCachingMetadataReaderFactory.createMetadataReader(ConcurrentReferenceCachingMetadataReaderFactory.java:86) ~[spring-boot-3.3.1.jar:3.3.1]
	at org.springframework.boot.type.classreading.ConcurrentReferenceCachingMetadataReaderFactory.getMetadataReader(ConcurrentReferenceCachingMetadataReaderFactory.java:73) ~[spring-boot-3.3.1.jar:3.3.1]
	at org.springframework.core.type.classreading.SimpleMetadataReaderFactory.getMetadataReader(SimpleMetadataReaderFactory.java:81) ~[spring-core-6.1.10.jar:6.1.10]
	at org.springframework.context.annotation.ConfigurationClassParser.asSourceClass(ConfigurationClassParser.java:630) ~[spring-context-6.1.10.jar:6.1.10]
	at org.springframework.context.annotation.ConfigurationClassParser$SourceClass.getInterfaces(ConfigurationClassParser.java:956) ~[spring-context-6.1.10.jar:6.1.10]
	at org.springframework.context.annotation.ConfigurationClassParser.processInterfaces(ConfigurationClassParser.java:396) ~[spring-context-6.1.10.jar:6.1.10]
	at org.springframework.context.annotation.ConfigurationClassParser.doProcessConfigurationClass(ConfigurationClassParser.java:342) ~[spring-context-6.1.10.jar:6.1.10]
	at org.springframework.context.annotation.ConfigurationClassParser.processConfigurationClass(ConfigurationClassParser.java:246) ~[spring-context-6.1.10.jar:6.1.10]
	... 21 common frames omitted

2024-07-18T22:50:12.992+01:00 DEBUG 4188 --- [digitalisationServiceDeControle] [Thread-11] o.s.boot.devtools.restart.Restarter      : Starting application org.system.digitalisationservicedecontrole.DigitalisationServiceDeControleApplication with URLs [file:/C:/Users/pc/IdeaProjects/digitalisationServiceDeControleSpring/target/classes/]
2024-07-18T22:50:14.226+01:00  INFO 4188 --- [digitalisationServiceDeControle] [restartedMain] gitalisationServiceDeControleApplication : Starting DigitalisationServiceDeControleApplication using Java 21 with PID 4188 (C:\Users\pc\IdeaProjects\digitalisationServiceDeControleSpring\target\classes started by pc in C:\Users\pc\IdeaProjects\digitalisationServiceDeControleSpring)
2024-07-18T22:50:14.227+01:00 DEBUG 4188 --- [digitalisationServiceDeControle] [restartedMain] gitalisationServiceDeControleApplication : Running with Spring Boot v3.3.1, Spring v6.1.10
2024-07-18T22:50:14.227+01:00  INFO 4188 --- [digitalisationServiceDeControle] [restartedMain] gitalisationServiceDeControleApplication : No active profile set, falling back to 1 default profile: "default"
2024-07-18T22:50:14.229+01:00 DEBUG 4188 --- [digitalisationServiceDeControle] [restartedMain] o.s.boot.SpringApplication               : Loading source class org.system.digitalisationservicedecontrole.DigitalisationServiceDeControleApplication
2024-07-18T22:50:14.309+01:00 DEBUG 4188 --- [digitalisationServiceDeControle] [restartedMain] ConfigServletWebServerApplicationContext : Refreshing org.springframework.boot.web.servlet.context.AnnotationConfigServletWebServerApplicationContext@208cb775
2024-07-18T22:50:14.316+01:00 DEBUG 4188 --- [digitalisationServiceDeControle] [restartedMain] o.s.b.f.s.DefaultListableBeanFactory     : Creating shared instance of singleton bean 'org.springframework.context.annotation.internalConfigurationAnnotationProcessor'
2024-07-18T22:50:14.321+01:00 DEBUG 4188 --- [digitalisationServiceDeControle] [restartedMain] o.s.b.f.s.DefaultListableBeanFactory     : Creating shared instance of singleton bean 'org.springframework.boot.autoconfigure.internalCachingMetadataReaderFactory'
2024-07-18T22:50:14.348+01:00 DEBUG 4188 --- [digitalisationServiceDeControle] [restartedMain] o.s.c.a.ClassPathBeanDefinitionScanner   : Identified candidate component class: file [C:\Users\pc\IdeaProjects\digitalisationServiceDeControleSpring\target\classes\org\system\digitalisationservicedecontrole\configuration\CompositeUserDetailsService.class]
2024-07-18T22:50:14.425+01:00 DEBUG 4188 --- [digitalisationServiceDeControle] [restartedMain] o.s.c.a.ClassPathBeanDefinitionScanner   : Identified candidate component class: file [C:\Users\pc\IdeaProjects\digitalisationServiceDeControleSpring\target\classes\org\system\digitalisationservicedecontrole\configuration\SecurityConfig.class]
2024-07-18T22:50:14.432+01:00 DEBUG 4188 --- [digitalisationServiceDeControle] [restartedMain] o.s.c.a.ClassPathBeanDefinitionScanner   : Identified candidate component class: file [C:\Users\pc\IdeaProjects\digitalisationServiceDeControleSpring\target\classes\org\system\digitalisationservicedecontrole\controllers\ContoleurController.class]
2024-07-18T22:50:14.434+01:00 DEBUG 4188 --- [digitalisationServiceDeControle] [restartedMain] o.s.c.a.ClassPathBeanDefinitionScanner   : Identified candidate component class: file [C:\Users\pc\IdeaProjects\digitalisationServiceDeControleSpring\target\classes\org\system\digitalisationservicedecontrole\controllers\PageController.class]
2024-07-18T22:50:14.438+01:00 DEBUG 4188 --- [digitalisationServiceDeControle] [restartedMain] o.s.c.a.ClassPathBeanDefinitionScanner   : Identified candidate component class: file [C:\Users\pc\IdeaProjects\digitalisationServiceDeControleSpring\target\classes\org\system\digitalisationservicedecontrole\controllers\ResponsableControleurController.class]
2024-07-18T22:50:14.441+01:00 DEBUG 4188 --- [digitalisationServiceDeControle] [restartedMain] o.s.c.a.ClassPathBeanDefinitionScanner   : Identified candidate component class: file [C:\Users\pc\IdeaProjects\digitalisationServiceDeControleSpring\target\classes\org\system\digitalisationservicedecontrole\controllers\ResponsableGeneralController.class]
2024-07-18T22:50:14.457+01:00 DEBUG 4188 --- [digitalisationServiceDeControle] [restartedMain] o.s.c.a.ClassPathBeanDefinitionScanner   : Identified candidate component class: file [C:\Users\pc\IdeaProjects\digitalisationServiceDeControleSpring\target\classes\org\system\digitalisationservicedecontrole\exceptionHnadler\GlobalExceptionHandler.class]
2024-07-18T22:50:14.505+01:00 DEBUG 4188 --- [digitalisationServiceDeControle] [restartedMain] o.s.c.a.ClassPathBeanDefinitionScanner   : Identified candidate component class: file [C:\Users\pc\IdeaProjects\digitalisationServiceDeControleSpring\target\classes\org\system\digitalisationservicedecontrole\services\ControleurService.class]
2024-07-18T22:50:14.512+01:00 DEBUG 4188 --- [digitalisationServiceDeControle] [restartedMain] o.s.c.a.ClassPathBeanDefinitionScanner   : Identified candidate component class: file [C:\Users\pc\IdeaProjects\digitalisationServiceDeControleSpring\target\classes\org\system\digitalisationservicedecontrole\services\ResponsableControleurService.class]
2024-07-18T22:50:14.514+01:00 DEBUG 4188 --- [digitalisationServiceDeControle] [restartedMain] o.s.c.a.ClassPathBeanDefinitionScanner   : Identified candidate component class: file [C:\Users\pc\IdeaProjects\digitalisationServiceDeControleSpring\target\classes\org\system\digitalisationservicedecontrole\services\ResponsableGeneralService.class]
2024-07-18T22:50:14.521+01:00  WARN 4188 --- [digitalisationServiceDeControle] [restartedMain] ConfigServletWebServerApplicationContext : Exception encountered during context initialization - cancelling refresh attempt: org.springframework.beans.factory.BeanDefinitionStoreException: I/O failure while processing configuration class [org.system.digitalisationservicedecontrole.configuration.CompositeUserDetailsService]
2024-07-18T22:50:14.597+01:00 ERROR 4188 --- [digitalisationServiceDeControle] [restartedMain] o.s.boot.SpringApplication               : Application run failed

org.springframework.beans.factory.BeanDefinitionStoreException: I/O failure while processing configuration class [org.system.digitalisationservicedecontrole.configuration.CompositeUserDetailsService]
	at org.springframework.context.annotation.ConfigurationClassParser.processConfigurationClass(ConfigurationClassParser.java:251) ~[spring-context-6.1.10.jar:6.1.10]
	at org.springframework.context.annotation.ConfigurationClassParser.parse(ConfigurationClassParser.java:189) ~[spring-context-6.1.10.jar:6.1.10]
	at org.springframework.context.annotation.ConfigurationClassParser.doProcessConfigurationClass(ConfigurationClassParser.java:314) ~[spring-context-6.1.10.jar:6.1.10]
	at org.springframework.context.annotation.ConfigurationClassParser.processConfigurationClass(ConfigurationClassParser.java:246) ~[spring-context-6.1.10.jar:6.1.10]
	at org.springframework.context.annotation.ConfigurationClassParser.parse(ConfigurationClassParser.java:197) ~[spring-context-6.1.10.jar:6.1.10]
	at org.springframework.context.annotation.ConfigurationClassParser.parse(ConfigurationClassParser.java:165) ~[spring-context-6.1.10.jar:6.1.10]
	at org.springframework.context.annotation.ConfigurationClassPostProcessor.processConfigBeanDefinitions(ConfigurationClassPostProcessor.java:417) ~[spring-context-6.1.10.jar:6.1.10]
	at org.springframework.context.annotation.ConfigurationClassPostProcessor.postProcessBeanDefinitionRegistry(ConfigurationClassPostProcessor.java:290) ~[spring-context-6.1.10.jar:6.1.10]
	at org.springframework.context.support.PostProcessorRegistrationDelegate.invokeBeanDefinitionRegistryPostProcessors(PostProcessorRegistrationDelegate.java:349) ~[spring-context-6.1.10.jar:6.1.10]
	at org.springframework.context.support.PostProcessorRegistrationDelegate.invokeBeanFactoryPostProcessors(PostProcessorRegistrationDelegate.java:118) ~[spring-context-6.1.10.jar:6.1.10]
	at org.springframework.context.support.AbstractApplicationContext.invokeBeanFactoryPostProcessors(AbstractApplicationContext.java:788) ~[spring-context-6.1.10.jar:6.1.10]
	at org.springframework.context.support.AbstractApplicationContext.refresh(AbstractApplicationContext.java:606) ~[spring-context-6.1.10.jar:6.1.10]
	at org.springframework.boot.web.servlet.context.ServletWebServerApplicationContext.refresh(ServletWebServerApplicationContext.java:146) ~[spring-boot-3.3.1.jar:3.3.1]
	at org.springframework.boot.SpringApplication.refresh(SpringApplication.java:754) ~[spring-boot-3.3.1.jar:3.3.1]
	at org.springframework.boot.SpringApplication.refreshContext(SpringApplication.java:456) ~[spring-boot-3.3.1.jar:3.3.1]
	at org.springframework.boot.SpringApplication.run(SpringApplication.java:335) ~[spring-boot-3.3.1.jar:3.3.1]
	at org.springframework.boot.SpringApplication.run(SpringApplication.java:1363) ~[spring-boot-3.3.1.jar:3.3.1]
	at org.springframework.boot.SpringApplication.run(SpringApplication.java:1352) ~[spring-boot-3.3.1.jar:3.3.1]
	at org.system.digitalisationservicedecontrole.DigitalisationServiceDeControleApplication.main(DigitalisationServiceDeControleApplication.java:10) ~[classes/:na]
	at java.base/jdk.internal.reflect.DirectMethodHandleAccessor.invoke(DirectMethodHandleAccessor.java:103) ~[na:na]
	at java.base/java.lang.reflect.Method.invoke(Method.java:580) ~[na:na]
	at org.springframework.boot.devtools.restart.RestartLauncher.run(RestartLauncher.java:50) ~[spring-boot-devtools-3.3.1.jar:3.3.1]
Caused by: java.io.FileNotFoundException: class path resource [org/springframework/security/core/userdetails/UserDetailsService.class] cannot be opened because it does not exist
	at org.springframework.core.io.ClassPathResource.getInputStream(ClassPathResource.java:215) ~[spring-core-6.1.10.jar:6.1.10]
	at org.springframework.core.type.classreading.SimpleMetadataReader.getClassReader(SimpleMetadataReader.java:54) ~[spring-core-6.1.10.jar:6.1.10]
	at org.springframework.core.type.classreading.SimpleMetadataReader.<init>(SimpleMetadataReader.java:48) ~[spring-core-6.1.10.jar:6.1.10]
	at org.springframework.core.type.classreading.SimpleMetadataReaderFactory.getMetadataReader(SimpleMetadataReaderFactory.java:103) ~[spring-core-6.1.10.jar:6.1.10]
	at org.springframework.boot.type.classreading.ConcurrentReferenceCachingMetadataReaderFactory.createMetadataReader(ConcurrentReferenceCachingMetadataReaderFactory.java:86) ~[spring-boot-3.3.1.jar:3.3.1]
	at org.springframework.boot.type.classreading.ConcurrentReferenceCachingMetadataReaderFactory.getMetadataReader(ConcurrentReferenceCachingMetadataReaderFactory.java:73) ~[spring-boot-3.3.1.jar:3.3.1]
	at org.springframework.core.type.classreading.SimpleMetadataReaderFactory.getMetadataReader(SimpleMetadataReaderFactory.java:81) ~[spring-core-6.1.10.jar:6.1.10]
	at org.springframework.context.annotation.ConfigurationClassParser.asSourceClass(ConfigurationClassParser.java:630) ~[spring-context-6.1.10.jar:6.1.10]
	at org.springframework.context.annotation.ConfigurationClassParser$SourceClass.getInterfaces(ConfigurationClassParser.java:956) ~[spring-context-6.1.10.jar:6.1.10]
	at org.springframework.context.annotation.ConfigurationClassParser.processInterfaces(ConfigurationClassParser.java:396) ~[spring-context-6.1.10.jar:6.1.10]
	at org.springframework.context.annotation.ConfigurationClassParser.doProcessConfigurationClass(ConfigurationClassParser.java:342) ~[spring-context-6.1.10.jar:6.1.10]
	at org.springframework.context.annotation.ConfigurationClassParser.processConfigurationClass(ConfigurationClassParser.java:246) ~[spring-context-6.1.10.jar:6.1.10]
	... 21 common frames omitted

2024-07-18T22:50:58.751+01:00 DEBUG 4188 --- [digitalisationServiceDeControle] [Thread-11] o.s.boot.devtools.restart.Restarter      : Starting application org.system.digitalisationservicedecontrole.DigitalisationServiceDeControleApplication with URLs [file:/C:/Users/pc/IdeaProjects/digitalisationServiceDeControleSpring/target/classes/]
2024-07-18T22:50:59.040+01:00  INFO 4188 --- [digitalisationServiceDeControle] [restartedMain] gitalisationServiceDeControleApplication : Starting DigitalisationServiceDeControleApplication using Java 21 with PID 4188 (C:\Users\pc\IdeaProjects\digitalisationServiceDeControleSpring\target\classes started by pc in C:\Users\pc\IdeaProjects\digitalisationServiceDeControleSpring)
2024-07-18T22:50:59.041+01:00 DEBUG 4188 --- [digitalisationServiceDeControle] [restartedMain] gitalisationServiceDeControleApplication : Running with Spring Boot v3.3.1, Spring v6.1.10
2024-07-18T22:50:59.041+01:00  INFO 4188 --- [digitalisationServiceDeControle] [restartedMain] gitalisationServiceDeControleApplication : No active profile set, falling back to 1 default profile: "default"
2024-07-18T22:50:59.041+01:00 DEBUG 4188 --- [digitalisationServiceDeControle] [restartedMain] o.s.boot.SpringApplication               : Loading source class org.system.digitalisationservicedecontrole.DigitalisationServiceDeControleApplication
2024-07-18T22:50:59.052+01:00 DEBUG 4188 --- [digitalisationServiceDeControle] [restartedMain] ConfigServletWebServerApplicationContext : Refreshing org.springframework.boot.web.servlet.context.AnnotationConfigServletWebServerApplicationContext@a301e9
2024-07-18T22:50:59.053+01:00 DEBUG 4188 --- [digitalisationServiceDeControle] [restartedMain] o.s.b.f.s.DefaultListableBeanFactory     : Creating shared instance of singleton bean 'org.springframework.context.annotation.internalConfigurationAnnotationProcessor'
2024-07-18T22:50:59.054+01:00 DEBUG 4188 --- [digitalisationServiceDeControle] [restartedMain] o.s.b.f.s.DefaultListableBeanFactory     : Creating shared instance of singleton bean 'org.springframework.boot.autoconfigure.internalCachingMetadataReaderFactory'
2024-07-18T22:50:59.063+01:00 DEBUG 4188 --- [digitalisationServiceDeControle] [restartedMain] o.s.c.a.ClassPathBeanDefinitionScanner   : Identified candidate component class: file [C:\Users\pc\IdeaProjects\digitalisationServiceDeControleSpring\target\classes\org\system\digitalisationservicedecontrole\configuration\CompositeUserDetailsService.class]
2024-07-18T22:50:59.067+01:00 DEBUG 4188 --- [digitalisationServiceDeControle] [restartedMain] o.s.c.a.ClassPathBeanDefinitionScanner   : Identified candidate component class: file [C:\Users\pc\IdeaProjects\digitalisationServiceDeControleSpring\target\classes\org\system\digitalisationservicedecontrole\configuration\SecurityConfig.class]
2024-07-18T22:50:59.070+01:00 DEBUG 4188 --- [digitalisationServiceDeControle] [restartedMain] o.s.c.a.ClassPathBeanDefinitionScanner   : Identified candidate component class: file [C:\Users\pc\IdeaProjects\digitalisationServiceDeControleSpring\target\classes\org\system\digitalisationservicedecontrole\controllers\ContoleurController.class]
2024-07-18T22:50:59.072+01:00 DEBUG 4188 --- [digitalisationServiceDeControle] [restartedMain] o.s.c.a.ClassPathBeanDefinitionScanner   : Identified candidate component class: file [C:\Users\pc\IdeaProjects\digitalisationServiceDeControleSpring\target\classes\org\system\digitalisationservicedecontrole\controllers\PageController.class]
2024-07-18T22:50:59.074+01:00 DEBUG 4188 --- [digitalisationServiceDeControle] [restartedMain] o.s.c.a.ClassPathBeanDefinitionScanner   : Identified candidate component class: file [C:\Users\pc\IdeaProjects\digitalisationServiceDeControleSpring\target\classes\org\system\digitalisationservicedecontrole\controllers\ResponsableControleurController.class]
2024-07-18T22:50:59.098+01:00 DEBUG 4188 --- [digitalisationServiceDeControle] [restartedMain] o.s.c.a.ClassPathBeanDefinitionScanner   : Identified candidate component class: file [C:\Users\pc\IdeaProjects\digitalisationServiceDeControleSpring\target\classes\org\system\digitalisationservicedecontrole\controllers\ResponsableGeneralController.class]
2024-07-18T22:50:59.108+01:00 DEBUG 4188 --- [digitalisationServiceDeControle] [restartedMain] o.s.c.a.ClassPathBeanDefinitionScanner   : Identified candidate component class: file [C:\Users\pc\IdeaProjects\digitalisationServiceDeControleSpring\target\classes\org\system\digitalisationservicedecontrole\exceptionHnadler\GlobalExceptionHandler.class]
2024-07-18T22:50:59.114+01:00 DEBUG 4188 --- [digitalisationServiceDeControle] [restartedMain] o.s.c.a.ClassPathBeanDefinitionScanner   : Identified candidate component class: file [C:\Users\pc\IdeaProjects\digitalisationServiceDeControleSpring\target\classes\org\system\digitalisationservicedecontrole\services\ControleurService.class]
2024-07-18T22:50:59.114+01:00 DEBUG 4188 --- [digitalisationServiceDeControle] [restartedMain] o.s.c.a.ClassPathBeanDefinitionScanner   : Identified candidate component class: file [C:\Users\pc\IdeaProjects\digitalisationServiceDeControleSpring\target\classes\org\system\digitalisationservicedecontrole\services\ResponsableControleurService.class]
2024-07-18T22:50:59.115+01:00 DEBUG 4188 --- [digitalisationServiceDeControle] [restartedMain] o.s.c.a.ClassPathBeanDefinitionScanner   : Identified candidate component class: file [C:\Users\pc\IdeaProjects\digitalisationServiceDeControleSpring\target\classes\org\system\digitalisationservicedecontrole\services\ResponsableGeneralService.class]
2024-07-18T22:50:59.118+01:00  WARN 4188 --- [digitalisationServiceDeControle] [restartedMain] ConfigServletWebServerApplicationContext : Exception encountered during context initialization - cancelling refresh attempt: org.springframework.beans.factory.BeanDefinitionStoreException: I/O failure while processing configuration class [org.system.digitalisationservicedecontrole.configuration.CompositeUserDetailsService]
2024-07-18T22:50:59.132+01:00 ERROR 4188 --- [digitalisationServiceDeControle] [restartedMain] o.s.boot.SpringApplication               : Application run failed

org.springframework.beans.factory.BeanDefinitionStoreException: I/O failure while processing configuration class [org.system.digitalisationservicedecontrole.configuration.CompositeUserDetailsService]
	at org.springframework.context.annotation.ConfigurationClassParser.processConfigurationClass(ConfigurationClassParser.java:251) ~[spring-context-6.1.10.jar:6.1.10]
	at org.springframework.context.annotation.ConfigurationClassParser.parse(ConfigurationClassParser.java:189) ~[spring-context-6.1.10.jar:6.1.10]
	at org.springframework.context.annotation.ConfigurationClassParser.doProcessConfigurationClass(ConfigurationClassParser.java:314) ~[spring-context-6.1.10.jar:6.1.10]
	at org.springframework.context.annotation.ConfigurationClassParser.processConfigurationClass(ConfigurationClassParser.java:246) ~[spring-context-6.1.10.jar:6.1.10]
	at org.springframework.context.annotation.ConfigurationClassParser.parse(ConfigurationClassParser.java:197) ~[spring-context-6.1.10.jar:6.1.10]
	at org.springframework.context.annotation.ConfigurationClassParser.parse(ConfigurationClassParser.java:165) ~[spring-context-6.1.10.jar:6.1.10]
	at org.springframework.context.annotation.ConfigurationClassPostProcessor.processConfigBeanDefinitions(ConfigurationClassPostProcessor.java:417) ~[spring-context-6.1.10.jar:6.1.10]
	at org.springframework.context.annotation.ConfigurationClassPostProcessor.postProcessBeanDefinitionRegistry(ConfigurationClassPostProcessor.java:290) ~[spring-context-6.1.10.jar:6.1.10]
	at org.springframework.context.support.PostProcessorRegistrationDelegate.invokeBeanDefinitionRegistryPostProcessors(PostProcessorRegistrationDelegate.java:349) ~[spring-context-6.1.10.jar:6.1.10]
	at org.springframework.context.support.PostProcessorRegistrationDelegate.invokeBeanFactoryPostProcessors(PostProcessorRegistrationDelegate.java:118) ~[spring-context-6.1.10.jar:6.1.10]
	at org.springframework.context.support.AbstractApplicationContext.invokeBeanFactoryPostProcessors(AbstractApplicationContext.java:788) ~[spring-context-6.1.10.jar:6.1.10]
	at org.springframework.context.support.AbstractApplicationContext.refresh(AbstractApplicationContext.java:606) ~[spring-context-6.1.10.jar:6.1.10]
	at org.springframework.boot.web.servlet.context.ServletWebServerApplicationContext.refresh(ServletWebServerApplicationContext.java:146) ~[spring-boot-3.3.1.jar:3.3.1]
	at org.springframework.boot.SpringApplication.refresh(SpringApplication.java:754) ~[spring-boot-3.3.1.jar:3.3.1]
	at org.springframework.boot.SpringApplication.refreshContext(SpringApplication.java:456) ~[spring-boot-3.3.1.jar:3.3.1]
	at org.springframework.boot.SpringApplication.run(SpringApplication.java:335) ~[spring-boot-3.3.1.jar:3.3.1]
	at org.springframework.boot.SpringApplication.run(SpringApplication.java:1363) ~[spring-boot-3.3.1.jar:3.3.1]
	at org.springframework.boot.SpringApplication.run(SpringApplication.java:1352) ~[spring-boot-3.3.1.jar:3.3.1]
	at org.system.digitalisationservicedecontrole.DigitalisationServiceDeControleApplication.main(DigitalisationServiceDeControleApplication.java:10) ~[classes/:na]
	at java.base/jdk.internal.reflect.DirectMethodHandleAccessor.invoke(DirectMethodHandleAccessor.java:103) ~[na:na]
	at java.base/java.lang.reflect.Method.invoke(Method.java:580) ~[na:na]
	at org.springframework.boot.devtools.restart.RestartLauncher.run(RestartLauncher.java:50) ~[spring-boot-devtools-3.3.1.jar:3.3.1]
Caused by: java.io.FileNotFoundException: class path resource [org/springframework/security/core/userdetails/UserDetailsService.class] cannot be opened because it does not exist
	at org.springframework.core.io.ClassPathResource.getInputStream(ClassPathResource.java:215) ~[spring-core-6.1.10.jar:6.1.10]
	at org.springframework.core.type.classreading.SimpleMetadataReader.getClassReader(SimpleMetadataReader.java:54) ~[spring-core-6.1.10.jar:6.1.10]
	at org.springframework.core.type.classreading.SimpleMetadataReader.<init>(SimpleMetadataReader.java:48) ~[spring-core-6.1.10.jar:6.1.10]
	at org.springframework.core.type.classreading.SimpleMetadataReaderFactory.getMetadataReader(SimpleMetadataReaderFactory.java:103) ~[spring-core-6.1.10.jar:6.1.10]
	at org.springframework.boot.type.classreading.ConcurrentReferenceCachingMetadataReaderFactory.createMetadataReader(ConcurrentReferenceCachingMetadataReaderFactory.java:86) ~[spring-boot-3.3.1.jar:3.3.1]
	at org.springframework.boot.type.classreading.ConcurrentReferenceCachingMetadataReaderFactory.getMetadataReader(ConcurrentReferenceCachingMetadataReaderFactory.java:73) ~[spring-boot-3.3.1.jar:3.3.1]
	at org.springframework.core.type.classreading.SimpleMetadataReaderFactory.getMetadataReader(SimpleMetadataReaderFactory.java:81) ~[spring-core-6.1.10.jar:6.1.10]
	at org.springframework.context.annotation.ConfigurationClassParser.asSourceClass(ConfigurationClassParser.java:630) ~[spring-context-6.1.10.jar:6.1.10]
	at org.springframework.context.annotation.ConfigurationClassParser$SourceClass.getInterfaces(ConfigurationClassParser.java:956) ~[spring-context-6.1.10.jar:6.1.10]
	at org.springframework.context.annotation.ConfigurationClassParser.processInterfaces(ConfigurationClassParser.java:396) ~[spring-context-6.1.10.jar:6.1.10]
	at org.springframework.context.annotation.ConfigurationClassParser.doProcessConfigurationClass(ConfigurationClassParser.java:342) ~[spring-context-6.1.10.jar:6.1.10]
	at org.springframework.context.annotation.ConfigurationClassParser.processConfigurationClass(ConfigurationClassParser.java:246) ~[spring-context-6.1.10.jar:6.1.10]
	... 21 common frames omitted

2024-07-18T22:51:02.928+01:00 DEBUG 4188 --- [digitalisationServiceDeControle] [Thread-11] o.s.boot.devtools.restart.Restarter      : Starting application org.system.digitalisationservicedecontrole.DigitalisationServiceDeControleApplication with URLs [file:/C:/Users/pc/IdeaProjects/digitalisationServiceDeControleSpring/target/classes/]
2024-07-18T22:51:03.119+01:00  INFO 4188 --- [digitalisationServiceDeControle] [restartedMain] gitalisationServiceDeControleApplication : Starting DigitalisationServiceDeControleApplication using Java 21 with PID 4188 (C:\Users\pc\IdeaProjects\digitalisationServiceDeControleSpring\target\classes started by pc in C:\Users\pc\IdeaProjects\digitalisationServiceDeControleSpring)
2024-07-18T22:51:03.120+01:00 DEBUG 4188 --- [digitalisationServiceDeControle] [restartedMain] gitalisationServiceDeControleApplication : Running with Spring Boot v3.3.1, Spring v6.1.10
2024-07-18T22:51:03.120+01:00  INFO 4188 --- [digitalisationServiceDeControle] [restartedMain] gitalisationServiceDeControleApplication : No active profile set, falling back to 1 default profile: "default"
2024-07-18T22:51:03.120+01:00 DEBUG 4188 --- [digitalisationServiceDeControle] [restartedMain] o.s.boot.SpringApplication               : Loading source class org.system.digitalisationservicedecontrole.DigitalisationServiceDeControleApplication
2024-07-18T22:51:03.124+01:00 DEBUG 4188 --- [digitalisationServiceDeControle] [restartedMain] ConfigServletWebServerApplicationContext : Refreshing org.springframework.boot.web.servlet.context.AnnotationConfigServletWebServerApplicationContext@175cd300
2024-07-18T22:51:03.125+01:00 DEBUG 4188 --- [digitalisationServiceDeControle] [restartedMain] o.s.b.f.s.DefaultListableBeanFactory     : Creating shared instance of singleton bean 'org.springframework.context.annotation.internalConfigurationAnnotationProcessor'
2024-07-18T22:51:03.126+01:00 DEBUG 4188 --- [digitalisationServiceDeControle] [restartedMain] o.s.b.f.s.DefaultListableBeanFactory     : Creating shared instance of singleton bean 'org.springframework.boot.autoconfigure.internalCachingMetadataReaderFactory'
2024-07-18T22:51:03.137+01:00 DEBUG 4188 --- [digitalisationServiceDeControle] [restartedMain] o.s.c.a.ClassPathBeanDefinitionScanner   : Identified candidate component class: file [C:\Users\pc\IdeaProjects\digitalisationServiceDeControleSpring\target\classes\org\system\digitalisationservicedecontrole\configuration\CompositeUserDetailsService.class]
2024-07-18T22:51:03.142+01:00 DEBUG 4188 --- [digitalisationServiceDeControle] [restartedMain] o.s.c.a.ClassPathBeanDefinitionScanner   : Identified candidate component class: file [C:\Users\pc\IdeaProjects\digitalisationServiceDeControleSpring\target\classes\org\system\digitalisationservicedecontrole\configuration\SecurityConfig.class]
2024-07-18T22:51:03.144+01:00 DEBUG 4188 --- [digitalisationServiceDeControle] [restartedMain] o.s.c.a.ClassPathBeanDefinitionScanner   : Identified candidate component class: file [C:\Users\pc\IdeaProjects\digitalisationServiceDeControleSpring\target\classes\org\system\digitalisationservicedecontrole\controllers\ContoleurController.class]
2024-07-18T22:51:03.145+01:00 DEBUG 4188 --- [digitalisationServiceDeControle] [restartedMain] o.s.c.a.ClassPathBeanDefinitionScanner   : Identified candidate component class: file [C:\Users\pc\IdeaProjects\digitalisationServiceDeControleSpring\target\classes\org\system\digitalisationservicedecontrole\controllers\PageController.class]
2024-07-18T22:51:03.147+01:00 DEBUG 4188 --- [digitalisationServiceDeControle] [restartedMain] o.s.c.a.ClassPathBeanDefinitionScanner   : Identified candidate component class: file [C:\Users\pc\IdeaProjects\digitalisationServiceDeControleSpring\target\classes\org\system\digitalisationservicedecontrole\controllers\ResponsableControleurController.class]
2024-07-18T22:51:03.149+01:00 DEBUG 4188 --- [digitalisationServiceDeControle] [restartedMain] o.s.c.a.ClassPathBeanDefinitionScanner   : Identified candidate component class: file [C:\Users\pc\IdeaProjects\digitalisationServiceDeControleSpring\target\classes\org\system\digitalisationservicedecontrole\controllers\ResponsableGeneralController.class]
2024-07-18T22:51:03.158+01:00 DEBUG 4188 --- [digitalisationServiceDeControle] [restartedMain] o.s.c.a.ClassPathBeanDefinitionScanner   : Identified candidate component class: file [C:\Users\pc\IdeaProjects\digitalisationServiceDeControleSpring\target\classes\org\system\digitalisationservicedecontrole\exceptionHnadler\GlobalExceptionHandler.class]
2024-07-18T22:51:03.281+01:00 DEBUG 4188 --- [digitalisationServiceDeControle] [restartedMain] o.s.c.a.ClassPathBeanDefinitionScanner   : Identified candidate component class: file [C:\Users\pc\IdeaProjects\digitalisationServiceDeControleSpring\target\classes\org\system\digitalisationservicedecontrole\services\ControleurService.class]
2024-07-18T22:51:03.309+01:00 DEBUG 4188 --- [digitalisationServiceDeControle] [restartedMain] o.s.c.a.ClassPathBeanDefinitionScanner   : Identified candidate component class: file [C:\Users\pc\IdeaProjects\digitalisationServiceDeControleSpring\target\classes\org\system\digitalisationservicedecontrole\services\ResponsableControleurService.class]
2024-07-18T22:51:03.311+01:00 DEBUG 4188 --- [digitalisationServiceDeControle] [restartedMain] o.s.c.a.ClassPathBeanDefinitionScanner   : Identified candidate component class: file [C:\Users\pc\IdeaProjects\digitalisationServiceDeControleSpring\target\classes\org\system\digitalisationservicedecontrole\services\ResponsableGeneralService.class]
2024-07-18T22:51:03.338+01:00  WARN 4188 --- [digitalisationServiceDeControle] [restartedMain] ConfigServletWebServerApplicationContext : Exception encountered during context initialization - cancelling refresh attempt: org.springframework.beans.factory.BeanDefinitionStoreException: I/O failure while processing configuration class [org.system.digitalisationservicedecontrole.configuration.CompositeUserDetailsService]
2024-07-18T22:51:03.354+01:00 ERROR 4188 --- [digitalisationServiceDeControle] [restartedMain] o.s.boot.SpringApplication               : Application run failed

org.springframework.beans.factory.BeanDefinitionStoreException: I/O failure while processing configuration class [org.system.digitalisationservicedecontrole.configuration.CompositeUserDetailsService]
	at org.springframework.context.annotation.ConfigurationClassParser.processConfigurationClass(ConfigurationClassParser.java:251) ~[spring-context-6.1.10.jar:6.1.10]
	at org.springframework.context.annotation.ConfigurationClassParser.parse(ConfigurationClassParser.java:189) ~[spring-context-6.1.10.jar:6.1.10]
	at org.springframework.context.annotation.ConfigurationClassParser.doProcessConfigurationClass(ConfigurationClassParser.java:314) ~[spring-context-6.1.10.jar:6.1.10]
	at org.springframework.context.annotation.ConfigurationClassParser.processConfigurationClass(ConfigurationClassParser.java:246) ~[spring-context-6.1.10.jar:6.1.10]
	at org.springframework.context.annotation.ConfigurationClassParser.parse(ConfigurationClassParser.java:197) ~[spring-context-6.1.10.jar:6.1.10]
	at org.springframework.context.annotation.ConfigurationClassParser.parse(ConfigurationClassParser.java:165) ~[spring-context-6.1.10.jar:6.1.10]
	at org.springframework.context.annotation.ConfigurationClassPostProcessor.processConfigBeanDefinitions(ConfigurationClassPostProcessor.java:417) ~[spring-context-6.1.10.jar:6.1.10]
	at org.springframework.context.annotation.ConfigurationClassPostProcessor.postProcessBeanDefinitionRegistry(ConfigurationClassPostProcessor.java:290) ~[spring-context-6.1.10.jar:6.1.10]
	at org.springframework.context.support.PostProcessorRegistrationDelegate.invokeBeanDefinitionRegistryPostProcessors(PostProcessorRegistrationDelegate.java:349) ~[spring-context-6.1.10.jar:6.1.10]
	at org.springframework.context.support.PostProcessorRegistrationDelegate.invokeBeanFactoryPostProcessors(PostProcessorRegistrationDelegate.java:118) ~[spring-context-6.1.10.jar:6.1.10]
	at org.springframework.context.support.AbstractApplicationContext.invokeBeanFactoryPostProcessors(AbstractApplicationContext.java:788) ~[spring-context-6.1.10.jar:6.1.10]
	at org.springframework.context.support.AbstractApplicationContext.refresh(AbstractApplicationContext.java:606) ~[spring-context-6.1.10.jar:6.1.10]
	at org.springframework.boot.web.servlet.context.ServletWebServerApplicationContext.refresh(ServletWebServerApplicationContext.java:146) ~[spring-boot-3.3.1.jar:3.3.1]
	at org.springframework.boot.SpringApplication.refresh(SpringApplication.java:754) ~[spring-boot-3.3.1.jar:3.3.1]
	at org.springframework.boot.SpringApplication.refreshContext(SpringApplication.java:456) ~[spring-boot-3.3.1.jar:3.3.1]
	at org.springframework.boot.SpringApplication.run(SpringApplication.java:335) ~[spring-boot-3.3.1.jar:3.3.1]
	at org.springframework.boot.SpringApplication.run(SpringApplication.java:1363) ~[spring-boot-3.3.1.jar:3.3.1]
	at org.springframework.boot.SpringApplication.run(SpringApplication.java:1352) ~[spring-boot-3.3.1.jar:3.3.1]
	at org.system.digitalisationservicedecontrole.DigitalisationServiceDeControleApplication.main(DigitalisationServiceDeControleApplication.java:10) ~[classes/:na]
	at java.base/jdk.internal.reflect.DirectMethodHandleAccessor.invoke(DirectMethodHandleAccessor.java:103) ~[na:na]
	at java.base/java.lang.reflect.Method.invoke(Method.java:580) ~[na:na]
	at org.springframework.boot.devtools.restart.RestartLauncher.run(RestartLauncher.java:50) ~[spring-boot-devtools-3.3.1.jar:3.3.1]
Caused by: java.io.FileNotFoundException: class path resource [org/springframework/security/core/userdetails/UserDetailsService.class] cannot be opened because it does not exist
	at org.springframework.core.io.ClassPathResource.getInputStream(ClassPathResource.java:215) ~[spring-core-6.1.10.jar:6.1.10]
	at org.springframework.core.type.classreading.SimpleMetadataReader.getClassReader(SimpleMetadataReader.java:54) ~[spring-core-6.1.10.jar:6.1.10]
	at org.springframework.core.type.classreading.SimpleMetadataReader.<init>(SimpleMetadataReader.java:48) ~[spring-core-6.1.10.jar:6.1.10]
	at org.springframework.core.type.classreading.SimpleMetadataReaderFactory.getMetadataReader(SimpleMetadataReaderFactory.java:103) ~[spring-core-6.1.10.jar:6.1.10]
	at org.springframework.boot.type.classreading.ConcurrentReferenceCachingMetadataReaderFactory.createMetadataReader(ConcurrentReferenceCachingMetadataReaderFactory.java:86) ~[spring-boot-3.3.1.jar:3.3.1]
	at org.springframework.boot.type.classreading.ConcurrentReferenceCachingMetadataReaderFactory.getMetadataReader(ConcurrentReferenceCachingMetadataReaderFactory.java:73) ~[spring-boot-3.3.1.jar:3.3.1]
	at org.springframework.core.type.classreading.SimpleMetadataReaderFactory.getMetadataReader(SimpleMetadataReaderFactory.java:81) ~[spring-core-6.1.10.jar:6.1.10]
	at org.springframework.context.annotation.ConfigurationClassParser.asSourceClass(ConfigurationClassParser.java:630) ~[spring-context-6.1.10.jar:6.1.10]
	at org.springframework.context.annotation.ConfigurationClassParser$SourceClass.getInterfaces(ConfigurationClassParser.java:956) ~[spring-context-6.1.10.jar:6.1.10]
	at org.springframework.context.annotation.ConfigurationClassParser.processInterfaces(ConfigurationClassParser.java:396) ~[spring-context-6.1.10.jar:6.1.10]
	at org.springframework.context.annotation.ConfigurationClassParser.doProcessConfigurationClass(ConfigurationClassParser.java:342) ~[spring-context-6.1.10.jar:6.1.10]
	at org.springframework.context.annotation.ConfigurationClassParser.processConfigurationClass(ConfigurationClassParser.java:246) ~[spring-context-6.1.10.jar:6.1.10]
	... 21 common frames omitted

2024-07-18T22:51:10.564+01:00 DEBUG 4188 --- [digitalisationServiceDeControle] [Thread-11] o.s.boot.devtools.restart.Restarter      : Starting application org.system.digitalisationservicedecontrole.DigitalisationServiceDeControleApplication with URLs [file:/C:/Users/pc/IdeaProjects/digitalisationServiceDeControleSpring/target/classes/]
2024-07-18T22:51:10.718+01:00  INFO 4188 --- [digitalisationServiceDeControle] [restartedMain] gitalisationServiceDeControleApplication : Starting DigitalisationServiceDeControleApplication using Java 21 with PID 4188 (C:\Users\pc\IdeaProjects\digitalisationServiceDeControleSpring\target\classes started by pc in C:\Users\pc\IdeaProjects\digitalisationServiceDeControleSpring)
2024-07-18T22:51:10.719+01:00 DEBUG 4188 --- [digitalisationServiceDeControle] [restartedMain] gitalisationServiceDeControleApplication : Running with Spring Boot v3.3.1, Spring v6.1.10
2024-07-18T22:51:10.719+01:00  INFO 4188 --- [digitalisationServiceDeControle] [restartedMain] gitalisationServiceDeControleApplication : No active profile set, falling back to 1 default profile: "default"
2024-07-18T22:51:10.719+01:00 DEBUG 4188 --- [digitalisationServiceDeControle] [restartedMain] o.s.boot.SpringApplication               : Loading source class org.system.digitalisationservicedecontrole.DigitalisationServiceDeControleApplication
2024-07-18T22:51:10.723+01:00 DEBUG 4188 --- [digitalisationServiceDeControle] [restartedMain] ConfigServletWebServerApplicationContext : Refreshing org.springframework.boot.web.servlet.context.AnnotationConfigServletWebServerApplicationContext@2d83bef7
2024-07-18T22:51:10.724+01:00 DEBUG 4188 --- [digitalisationServiceDeControle] [restartedMain] o.s.b.f.s.DefaultListableBeanFactory     : Creating shared instance of singleton bean 'org.springframework.context.annotation.internalConfigurationAnnotationProcessor'
2024-07-18T22:51:10.724+01:00 DEBUG 4188 --- [digitalisationServiceDeControle] [restartedMain] o.s.b.f.s.DefaultListableBeanFactory     : Creating shared instance of singleton bean 'org.springframework.boot.autoconfigure.internalCachingMetadataReaderFactory'
2024-07-18T22:51:10.732+01:00 DEBUG 4188 --- [digitalisationServiceDeControle] [restartedMain] o.s.c.a.ClassPathBeanDefinitionScanner   : Identified candidate component class: file [C:\Users\pc\IdeaProjects\digitalisationServiceDeControleSpring\target\classes\org\system\digitalisationservicedecontrole\configuration\CompositeUserDetailsService.class]
2024-07-18T22:51:10.735+01:00 DEBUG 4188 --- [digitalisationServiceDeControle] [restartedMain] o.s.c.a.ClassPathBeanDefinitionScanner   : Identified candidate component class: file [C:\Users\pc\IdeaProjects\digitalisationServiceDeControleSpring\target\classes\org\system\digitalisationservicedecontrole\configuration\SecurityConfig.class]
2024-07-18T22:51:10.738+01:00 DEBUG 4188 --- [digitalisationServiceDeControle] [restartedMain] o.s.c.a.ClassPathBeanDefinitionScanner   : Identified candidate component class: file [C:\Users\pc\IdeaProjects\digitalisationServiceDeControleSpring\target\classes\org\system\digitalisationservicedecontrole\controllers\ContoleurController.class]
2024-07-18T22:51:10.739+01:00 DEBUG 4188 --- [digitalisationServiceDeControle] [restartedMain] o.s.c.a.ClassPathBeanDefinitionScanner   : Identified candidate component class: file [C:\Users\pc\IdeaProjects\digitalisationServiceDeControleSpring\target\classes\org\system\digitalisationservicedecontrole\controllers\PageController.class]
2024-07-18T22:51:10.742+01:00 DEBUG 4188 --- [digitalisationServiceDeControle] [restartedMain] o.s.c.a.ClassPathBeanDefinitionScanner   : Identified candidate component class: file [C:\Users\pc\IdeaProjects\digitalisationServiceDeControleSpring\target\classes\org\system\digitalisationservicedecontrole\controllers\ResponsableControleurController.class]
2024-07-18T22:51:10.744+01:00 DEBUG 4188 --- [digitalisationServiceDeControle] [restartedMain] o.s.c.a.ClassPathBeanDefinitionScanner   : Identified candidate component class: file [C:\Users\pc\IdeaProjects\digitalisationServiceDeControleSpring\target\classes\org\system\digitalisationservicedecontrole\controllers\ResponsableGeneralController.class]
2024-07-18T22:51:10.753+01:00 DEBUG 4188 --- [digitalisationServiceDeControle] [restartedMain] o.s.c.a.ClassPathBeanDefinitionScanner   : Identified candidate component class: file [C:\Users\pc\IdeaProjects\digitalisationServiceDeControleSpring\target\classes\org\system\digitalisationservicedecontrole\exceptionHnadler\GlobalExceptionHandler.class]
2024-07-18T22:51:10.829+01:00 DEBUG 4188 --- [digitalisationServiceDeControle] [restartedMain] o.s.c.a.ClassPathBeanDefinitionScanner   : Identified candidate component class: file [C:\Users\pc\IdeaProjects\digitalisationServiceDeControleSpring\target\classes\org\system\digitalisationservicedecontrole\services\ControleurService.class]
2024-07-18T22:51:10.831+01:00 DEBUG 4188 --- [digitalisationServiceDeControle] [restartedMain] o.s.c.a.ClassPathBeanDefinitionScanner   : Identified candidate component class: file [C:\Users\pc\IdeaProjects\digitalisationServiceDeControleSpring\target\classes\org\system\digitalisationservicedecontrole\services\ResponsableControleurService.class]
2024-07-18T22:51:10.862+01:00 DEBUG 4188 --- [digitalisationServiceDeControle] [restartedMain] o.s.c.a.ClassPathBeanDefinitionScanner   : Identified candidate component class: file [C:\Users\pc\IdeaProjects\digitalisationServiceDeControleSpring\target\classes\org\system\digitalisationservicedecontrole\services\ResponsableGeneralService.class]
2024-07-18T22:51:10.865+01:00  WARN 4188 --- [digitalisationServiceDeControle] [restartedMain] ConfigServletWebServerApplicationContext : Exception encountered during context initialization - cancelling refresh attempt: org.springframework.beans.factory.BeanDefinitionStoreException: I/O failure while processing configuration class [org.system.digitalisationservicedecontrole.configuration.CompositeUserDetailsService]
2024-07-18T22:51:10.876+01:00 ERROR 4188 --- [digitalisationServiceDeControle] [restartedMain] o.s.boot.SpringApplication               : Application run failed

org.springframework.beans.factory.BeanDefinitionStoreException: I/O failure while processing configuration class [org.system.digitalisationservicedecontrole.configuration.CompositeUserDetailsService]
	at org.springframework.context.annotation.ConfigurationClassParser.processConfigurationClass(ConfigurationClassParser.java:251) ~[spring-context-6.1.10.jar:6.1.10]
	at org.springframework.context.annotation.ConfigurationClassParser.parse(ConfigurationClassParser.java:189) ~[spring-context-6.1.10.jar:6.1.10]
	at org.springframework.context.annotation.ConfigurationClassParser.doProcessConfigurationClass(ConfigurationClassParser.java:314) ~[spring-context-6.1.10.jar:6.1.10]
	at org.springframework.context.annotation.ConfigurationClassParser.processConfigurationClass(ConfigurationClassParser.java:246) ~[spring-context-6.1.10.jar:6.1.10]
	at org.springframework.context.annotation.ConfigurationClassParser.parse(ConfigurationClassParser.java:197) ~[spring-context-6.1.10.jar:6.1.10]
	at org.springframework.context.annotation.ConfigurationClassParser.parse(ConfigurationClassParser.java:165) ~[spring-context-6.1.10.jar:6.1.10]
	at org.springframework.context.annotation.ConfigurationClassPostProcessor.processConfigBeanDefinitions(ConfigurationClassPostProcessor.java:417) ~[spring-context-6.1.10.jar:6.1.10]
	at org.springframework.context.annotation.ConfigurationClassPostProcessor.postProcessBeanDefinitionRegistry(ConfigurationClassPostProcessor.java:290) ~[spring-context-6.1.10.jar:6.1.10]
	at org.springframework.context.support.PostProcessorRegistrationDelegate.invokeBeanDefinitionRegistryPostProcessors(PostProcessorRegistrationDelegate.java:349) ~[spring-context-6.1.10.jar:6.1.10]
	at org.springframework.context.support.PostProcessorRegistrationDelegate.invokeBeanFactoryPostProcessors(PostProcessorRegistrationDelegate.java:118) ~[spring-context-6.1.10.jar:6.1.10]
	at org.springframework.context.support.AbstractApplicationContext.invokeBeanFactoryPostProcessors(AbstractApplicationContext.java:788) ~[spring-context-6.1.10.jar:6.1.10]
	at org.springframework.context.support.AbstractApplicationContext.refresh(AbstractApplicationContext.java:606) ~[spring-context-6.1.10.jar:6.1.10]
	at org.springframework.boot.web.servlet.context.ServletWebServerApplicationContext.refresh(ServletWebServerApplicationContext.java:146) ~[spring-boot-3.3.1.jar:3.3.1]
	at org.springframework.boot.SpringApplication.refresh(SpringApplication.java:754) ~[spring-boot-3.3.1.jar:3.3.1]
	at org.springframework.boot.SpringApplication.refreshContext(SpringApplication.java:456) ~[spring-boot-3.3.1.jar:3.3.1]
	at org.springframework.boot.SpringApplication.run(SpringApplication.java:335) ~[spring-boot-3.3.1.jar:3.3.1]
	at org.springframework.boot.SpringApplication.run(SpringApplication.java:1363) ~[spring-boot-3.3.1.jar:3.3.1]
	at org.springframework.boot.SpringApplication.run(SpringApplication.java:1352) ~[spring-boot-3.3.1.jar:3.3.1]
	at org.system.digitalisationservicedecontrole.DigitalisationServiceDeControleApplication.main(DigitalisationServiceDeControleApplication.java:10) ~[classes/:na]
	at java.base/jdk.internal.reflect.DirectMethodHandleAccessor.invoke(DirectMethodHandleAccessor.java:103) ~[na:na]
	at java.base/java.lang.reflect.Method.invoke(Method.java:580) ~[na:na]
	at org.springframework.boot.devtools.restart.RestartLauncher.run(RestartLauncher.java:50) ~[spring-boot-devtools-3.3.1.jar:3.3.1]
Caused by: java.io.FileNotFoundException: class path resource [org/springframework/security/core/userdetails/UserDetailsService.class] cannot be opened because it does not exist
	at org.springframework.core.io.ClassPathResource.getInputStream(ClassPathResource.java:215) ~[spring-core-6.1.10.jar:6.1.10]
	at org.springframework.core.type.classreading.SimpleMetadataReader.getClassReader(SimpleMetadataReader.java:54) ~[spring-core-6.1.10.jar:6.1.10]
	at org.springframework.core.type.classreading.SimpleMetadataReader.<init>(SimpleMetadataReader.java:48) ~[spring-core-6.1.10.jar:6.1.10]
	at org.springframework.core.type.classreading.SimpleMetadataReaderFactory.getMetadataReader(SimpleMetadataReaderFactory.java:103) ~[spring-core-6.1.10.jar:6.1.10]
	at org.springframework.boot.type.classreading.ConcurrentReferenceCachingMetadataReaderFactory.createMetadataReader(ConcurrentReferenceCachingMetadataReaderFactory.java:86) ~[spring-boot-3.3.1.jar:3.3.1]
	at org.springframework.boot.type.classreading.ConcurrentReferenceCachingMetadataReaderFactory.getMetadataReader(ConcurrentReferenceCachingMetadataReaderFactory.java:73) ~[spring-boot-3.3.1.jar:3.3.1]
	at org.springframework.core.type.classreading.SimpleMetadataReaderFactory.getMetadataReader(SimpleMetadataReaderFactory.java:81) ~[spring-core-6.1.10.jar:6.1.10]
	at org.springframework.context.annotation.ConfigurationClassParser.asSourceClass(ConfigurationClassParser.java:630) ~[spring-context-6.1.10.jar:6.1.10]
	at org.springframework.context.annotation.ConfigurationClassParser$SourceClass.getInterfaces(ConfigurationClassParser.java:956) ~[spring-context-6.1.10.jar:6.1.10]
	at org.springframework.context.annotation.ConfigurationClassParser.processInterfaces(ConfigurationClassParser.java:396) ~[spring-context-6.1.10.jar:6.1.10]
	at org.springframework.context.annotation.ConfigurationClassParser.doProcessConfigurationClass(ConfigurationClassParser.java:342) ~[spring-context-6.1.10.jar:6.1.10]
	at org.springframework.context.annotation.ConfigurationClassParser.processConfigurationClass(ConfigurationClassParser.java:246) ~[spring-context-6.1.10.jar:6.1.10]
	... 21 common frames omitted

2024-07-18T22:51:16.908+01:00 DEBUG 4188 --- [digitalisationServiceDeControle] [Thread-11] o.s.boot.devtools.restart.Restarter      : Starting application org.system.digitalisationservicedecontrole.DigitalisationServiceDeControleApplication with URLs [file:/C:/Users/pc/IdeaProjects/digitalisationServiceDeControleSpring/target/classes/]
